2024-10-30 17:35:19,175 INFO b.c.a.p.PayrollJobApplication [main] Starting PayrollJobApplication using Java 17.0.11 with PID 43720 (/Users/alexandre/Documents/dev/workspace/spring-boot-projects/batch/sb3/payroll-job/build/classes/java/main started by alexandre in /Users/alexandre/Documents/dev/workspace/spring-boot-projects/batch/sb3/payroll-job)
2024-10-30 17:35:19,177 INFO b.c.a.p.PayrollJobApplication [main] No active profile set, falling back to 1 default profile: "default"
2024-10-30 17:35:19,447 INFO o.s.b.c.c.a.BatchRegistrar [main] Finished Spring Batch infrastructure beans configuration in 5 ms.
2024-10-30 17:35:19,531 INFO o.s.d.r.c.RepositoryConfigurationDelegate [main] Bootstrapping Spring Data JPA repositories in DEFAULT mode.
2024-10-30 17:35:19,547 INFO o.s.d.r.c.RepositoryConfigurationDelegate [main] Finished Spring Data repository scanning in 8 ms. Found 0 JPA repository interfaces.
2024-10-30 17:35:19,663 INFO o.s.c.a.ConfigurationClassEnhancer [main] @Bean method PropertiesConfig.propertySourcesPlaceholderConfigurer is non-static and returns an object assignable to Spring's BeanFactoryPostProcessor interface. This will result in a failure to process annotations such as @Autowired, @Resource and @PostConstruct within the method's declaring @Configuration class. Add the 'static' modifier to this method to avoid these container lifecycle issues; see @Bean javadoc for complete details.
2024-10-30 17:35:19,734 WARN o.s.c.s.PostProcessorRegistrationDelegate$BeanPostProcessorChecker [main] Bean 'jobRegistry' of type [org.springframework.batch.core.configuration.support.MapJobRegistry] is not eligible for getting processed by all BeanPostProcessors (for example: not eligible for auto-proxying). Is this bean getting eagerly injected into a currently created BeanPostProcessor [jobRegistryBeanPostProcessor]? Check the corresponding BeanPostProcessor declaration and its dependencies.
2024-10-30 17:35:19,822 INFO c.z.h.HikariDataSource [main] HikariPool-1 - Starting...
2024-10-30 17:35:20,097 INFO c.z.h.p.HikariPool [main] HikariPool-1 - Added connection com.mysql.cj.jdbc.ConnectionImpl@315105f
2024-10-30 17:35:20,099 INFO c.z.h.HikariDataSource [main] HikariPool-1 - Start completed.
2024-10-30 17:35:20,142 INFO o.h.j.i.u.LogHelper [main] HHH000204: Processing PersistenceUnitInfo [name: default]
2024-10-30 17:35:20,222 INFO o.h.Version [main] HHH000412: Hibernate ORM core version 6.5.3.Final
2024-10-30 17:35:20,251 INFO o.h.c.i.RegionFactoryInitiator [main] HHH000026: Second-level cache disabled
2024-10-30 17:35:20,576 INFO o.s.o.j.p.SpringPersistenceUnitInfo [main] No LoadTimeWeaver setup: ignoring JPA class transformer
2024-10-30 17:35:20,947 INFO o.h.e.t.j.p.i.JtaPlatformInitiator [main] HHH000489: No JTA platform available (set 'hibernate.transaction.jta.platform' to enable JTA platform integration)
2024-10-30 17:35:20,951 INFO o.s.o.j.LocalContainerEntityManagerFactoryBean [main] Initialized JPA EntityManagerFactory for persistence unit 'default'
2024-10-30 17:35:20,979 INFO o.s.b.c.r.s.JobRepositoryFactoryBean [main] No database type set, using meta data indicating: MYSQL
2024-10-30 17:35:21,015 INFO b.c.a.p.c.PayrollJobConfig [main] Tasklet has started!
2024-10-30 17:35:21,033 INFO o.s.b.c.c.a.BatchObservabilityBeanPostProcessor [main] No Micrometer observation registry found, defaulting to ObservationRegistry.NOOP
2024-10-30 17:35:21,033 INFO b.c.a.p.c.PayrollJobConfig [main] Creating job
2024-10-30 17:35:21,040 INFO o.s.b.c.c.a.BatchObservabilityBeanPostProcessor [main] No Micrometer observation registry found, defaulting to ObservationRegistry.NOOP
2024-10-30 17:35:21,042 INFO o.s.b.c.l.s.SimpleJobLauncher [main] No TaskExecutor has been set, defaulting to synchronous executor.
2024-10-30 17:35:21,160 INFO b.c.a.p.PayrollJobApplication [main] Started PayrollJobApplication in 2.308 seconds (process running for 2.809)
2024-10-30 17:35:21,166 INFO o.s.o.j.LocalContainerEntityManagerFactoryBean [SpringApplicationShutdownHook] Closing JPA EntityManagerFactory for persistence unit 'default'
2024-10-30 17:35:21,168 INFO c.z.h.HikariDataSource [SpringApplicationShutdownHook] HikariPool-1 - Shutdown initiated...
2024-10-30 17:35:21,174 INFO c.z.h.HikariDataSource [SpringApplicationShutdownHook] HikariPool-1 - Shutdown completed.
2024-10-30 19:25:30,289 INFO b.c.a.p.PayrollJobApplication [main] Starting PayrollJobApplication using Java 17.0.11 with PID 47909 (/Users/alexandre/Documents/dev/workspace/spring-boot-projects/batch/sb3/payroll-job/build/classes/java/main started by alexandre in /Users/alexandre/Documents/dev/workspace/spring-boot-projects/batch/sb3/payroll-job)
2024-10-30 19:25:30,291 INFO b.c.a.p.PayrollJobApplication [main] No active profile set, falling back to 1 default profile: "default"
2024-10-30 19:25:30,517 WARN o.s.c.a.AnnotationConfigApplicationContext [main] Exception encountered during context initialization - cancelling refresh attempt: org.springframework.beans.factory.support.BeanDefinitionOverrideException: Invalid bean definition with name 'flatFileEmployeeItemWriter' defined in class path resource [br/com/aab/payrolljob/FlatFileEmployeeItemWriter.class]: Cannot register bean definition [Root bean: class [null]; scope=; abstract=false; lazyInit=null; autowireMode=3; dependencyCheck=0; autowireCandidate=true; primary=false; factoryBeanName=flatFileEmployeeItemWriter; factoryMethodName=flatFileEmployeeItemWriter; initMethodNames=null; destroyMethodNames=[(inferred)]; defined in class path resource [br/com/aab/payrolljob/FlatFileEmployeeItemWriter.class]] for bean 'flatFileEmployeeItemWriter' since there is already [Generic bean: class [br.com.aab.payrolljob.writer.EmployeeItemWriter]; scope=singleton; abstract=false; lazyInit=null; autowireMode=0; dependencyCheck=0; autowireCandidate=true; primary=false; factoryBeanName=null; factoryMethodName=null; initMethodNames=null; destroyMethodNames=null; defined in file [/Users/alexandre/Documents/dev/workspace/spring-boot-projects/batch/sb3/payroll-job/build/classes/java/main/br/com/aab/payrolljob/FlatFileEmployeeItemWriter.class]] bound.
2024-10-30 19:28:39,789 INFO b.c.a.p.PayrollJobApplication [main] Starting PayrollJobApplication using Java 17.0.11 with PID 48096 (/Users/alexandre/Documents/dev/workspace/spring-boot-projects/batch/sb3/payroll-job/build/classes/java/main started by alexandre in /Users/alexandre/Documents/dev/workspace/spring-boot-projects/batch/sb3/payroll-job)
2024-10-30 19:28:39,791 INFO b.c.a.p.PayrollJobApplication [main] No active profile set, falling back to 1 default profile: "default"
2024-10-30 19:28:40,006 WARN o.s.c.a.AnnotationConfigApplicationContext [main] Exception encountered during context initialization - cancelling refresh attempt: org.springframework.beans.factory.support.BeanDefinitionOverrideException: Invalid bean definition with name 'flatFileEmployeeItemWriter' defined in class path resource [br/com/aab/payrolljob/FlatFileEmployeeItemWriter.class]: Cannot register bean definition [Root bean: class [null]; scope=; abstract=false; lazyInit=null; autowireMode=3; dependencyCheck=0; autowireCandidate=true; primary=false; factoryBeanName=flatFileEmployeeItemWriter; factoryMethodName=flatFileEmployeeItemWriter; initMethodNames=null; destroyMethodNames=[(inferred)]; defined in class path resource [br/com/aab/payrolljob/FlatFileEmployeeItemWriter.class]] for bean 'flatFileEmployeeItemWriter' since there is already [Generic bean: class [br.com.aab.payrolljob.writer.EmployeeItemWriter]; scope=singleton; abstract=false; lazyInit=null; autowireMode=0; dependencyCheck=0; autowireCandidate=true; primary=false; factoryBeanName=null; factoryMethodName=null; initMethodNames=null; destroyMethodNames=null; defined in file [/Users/alexandre/Documents/dev/workspace/spring-boot-projects/batch/sb3/payroll-job/build/classes/java/main/br/com/aab/payrolljob/FlatFileEmployeeItemWriter.class]] bound.
2024-10-30 19:29:04,975 INFO b.c.a.p.PayrollJobApplication [main] Starting PayrollJobApplication using Java 17.0.11 with PID 48115 (/Users/alexandre/Documents/dev/workspace/spring-boot-projects/batch/sb3/payroll-job/build/classes/java/main started by alexandre in /Users/alexandre/Documents/dev/workspace/spring-boot-projects/batch/sb3/payroll-job)
2024-10-30 19:29:04,977 INFO b.c.a.p.PayrollJobApplication [main] No active profile set, falling back to 1 default profile: "default"
2024-10-30 19:29:05,200 WARN o.s.c.a.AnnotationConfigApplicationContext [main] Exception encountered during context initialization - cancelling refresh attempt: org.springframework.beans.factory.support.BeanDefinitionOverrideException: Invalid bean definition with name 'flatFileEmployeeItemWriter' defined in class path resource [br/com/aab/payrolljob/FlatFileEmployeeItemWriter.class]: Cannot register bean definition [Root bean: class [null]; scope=; abstract=false; lazyInit=null; autowireMode=3; dependencyCheck=0; autowireCandidate=true; primary=false; factoryBeanName=flatFileEmployeeItemWriter; factoryMethodName=flatFileEmployeeItemWriter; initMethodNames=null; destroyMethodNames=[(inferred)]; defined in class path resource [br/com/aab/payrolljob/FlatFileEmployeeItemWriter.class]] for bean 'flatFileEmployeeItemWriter' since there is already [Generic bean: class [br.com.aab.payrolljob.writer.EmployeeItemWriter]; scope=singleton; abstract=false; lazyInit=null; autowireMode=0; dependencyCheck=0; autowireCandidate=true; primary=false; factoryBeanName=null; factoryMethodName=null; initMethodNames=null; destroyMethodNames=null; defined in file [/Users/alexandre/Documents/dev/workspace/spring-boot-projects/batch/sb3/payroll-job/build/classes/java/main/br/com/aab/payrolljob/FlatFileEmployeeItemWriter.class]] bound.
2024-10-30 19:32:31,338 INFO b.c.a.p.PayrollJobApplication [main] Starting PayrollJobApplication using Java 17.0.11 with PID 48276 (/Users/alexandre/Documents/dev/workspace/spring-boot-projects/batch/sb3/payroll-job/build/classes/java/main started by alexandre in /Users/alexandre/Documents/dev/workspace/spring-boot-projects/batch/sb3/payroll-job)
2024-10-30 19:32:31,341 INFO b.c.a.p.PayrollJobApplication [main] No active profile set, falling back to 1 default profile: "default"
2024-10-30 19:32:31,661 INFO o.s.b.c.c.a.BatchRegistrar [main] Finished Spring Batch infrastructure beans configuration in 4 ms.
2024-10-30 19:32:31,662 WARN o.s.c.a.AnnotationConfigApplicationContext [main] Exception encountered during context initialization - cancelling refresh attempt: org.springframework.beans.factory.support.BeanDefinitionOverrideException: Invalid bean definition with name 'job' defined in class path resource [br/com/aab/payrolljob/config/PayrollJobConfig.class]: Cannot register bean definition [Root bean: class [null]; scope=; abstract=false; lazyInit=null; autowireMode=3; dependencyCheck=0; autowireCandidate=true; primary=false; factoryBeanName=payrollJobConfig; factoryMethodName=job; initMethodNames=null; destroyMethodNames=[(inferred)]; defined in class path resource [br/com/aab/payrolljob/config/PayrollJobConfig.class]] for bean 'job' since there is already [Root bean: class [null]; scope=; abstract=false; lazyInit=null; autowireMode=3; dependencyCheck=0; autowireCandidate=true; primary=false; factoryBeanName=jobFlatFilesConfig; factoryMethodName=job; initMethodNames=null; destroyMethodNames=[(inferred)]; defined in class path resource [br/com/aab/payrolljob/config/JobFlatFilesConfig.class]] bound.
2024-10-30 19:33:37,696 INFO b.c.a.p.PayrollJobApplication [main] Starting PayrollJobApplication using Java 17.0.11 with PID 48331 (/Users/alexandre/Documents/dev/workspace/spring-boot-projects/batch/sb3/payroll-job/build/classes/java/main started by alexandre in /Users/alexandre/Documents/dev/workspace/spring-boot-projects/batch/sb3/payroll-job)
2024-10-30 19:33:37,699 INFO b.c.a.p.PayrollJobApplication [main] No active profile set, falling back to 1 default profile: "default"
2024-10-30 19:33:37,934 INFO o.s.b.c.c.a.BatchRegistrar [main] Finished Spring Batch infrastructure beans configuration in 4 ms.
2024-10-30 19:33:38,019 INFO o.s.d.r.c.RepositoryConfigurationDelegate [main] Bootstrapping Spring Data JPA repositories in DEFAULT mode.
2024-10-30 19:33:38,033 INFO o.s.d.r.c.RepositoryConfigurationDelegate [main] Finished Spring Data repository scanning in 9 ms. Found 0 JPA repository interfaces.
2024-10-30 19:33:38,149 INFO o.s.c.a.ConfigurationClassEnhancer [main] @Bean method PropertiesConfig.propertySourcesPlaceholderConfigurer is non-static and returns an object assignable to Spring's BeanFactoryPostProcessor interface. This will result in a failure to process annotations such as @Autowired, @Resource and @PostConstruct within the method's declaring @Configuration class. Add the 'static' modifier to this method to avoid these container lifecycle issues; see @Bean javadoc for complete details.
2024-10-30 19:33:38,212 WARN o.s.c.s.PostProcessorRegistrationDelegate$BeanPostProcessorChecker [main] Bean 'jobRegistry' of type [org.springframework.batch.core.configuration.support.MapJobRegistry] is not eligible for getting processed by all BeanPostProcessors (for example: not eligible for auto-proxying). Is this bean getting eagerly injected into a currently created BeanPostProcessor [jobRegistryBeanPostProcessor]? Check the corresponding BeanPostProcessor declaration and its dependencies.
2024-10-30 19:33:38,289 INFO c.z.h.HikariDataSource [main] HikariPool-1 - Starting...
2024-10-30 19:33:38,536 INFO c.z.h.p.HikariPool [main] HikariPool-1 - Added connection com.mysql.cj.jdbc.ConnectionImpl@64e1377c
2024-10-30 19:33:38,537 INFO c.z.h.HikariDataSource [main] HikariPool-1 - Start completed.
2024-10-30 19:33:38,565 INFO o.h.j.i.u.LogHelper [main] HHH000204: Processing PersistenceUnitInfo [name: default]
2024-10-30 19:33:38,602 INFO o.h.Version [main] HHH000412: Hibernate ORM core version 6.5.3.Final
2024-10-30 19:33:38,625 INFO o.h.c.i.RegionFactoryInitiator [main] HHH000026: Second-level cache disabled
2024-10-30 19:33:38,856 INFO o.s.o.j.p.SpringPersistenceUnitInfo [main] No LoadTimeWeaver setup: ignoring JPA class transformer
2024-10-30 19:33:39,128 INFO o.h.e.t.j.p.i.JtaPlatformInitiator [main] HHH000489: No JTA platform available (set 'hibernate.transaction.jta.platform' to enable JTA platform integration)
2024-10-30 19:33:39,131 INFO o.s.o.j.LocalContainerEntityManagerFactoryBean [main] Initialized JPA EntityManagerFactory for persistence unit 'default'
2024-10-30 19:33:39,152 INFO o.s.b.c.r.s.JobRepositoryFactoryBean [main] No database type set, using meta data indicating: MYSQL
2024-10-30 19:33:39,185 WARN o.s.c.a.AnnotationConfigApplicationContext [main] Exception encountered during context initialization - cancelling refresh attempt: org.springframework.beans.factory.UnsatisfiedDependencyException: Error creating bean with name 'job' defined in class path resource [br/com/aab/payrolljob/config/JobFlatFilesConfig.class]: Unsatisfied dependency expressed through method 'job' parameter 0: Error creating bean with name 'employeeFlatFileStep' defined in class path resource [br/com/aab/payrolljob/steps/EmployeesFlatFileStep.class]: Unsatisfied dependency expressed through method 'employeeFlatFileStep' parameter 1: No qualifying bean of type 'org.springframework.batch.item.ItemWriter<br.com.aab.payrolljob.domain.Employee>' available: expected at least 1 bean which qualifies as autowire candidate. Dependency annotations: {}
2024-10-30 19:33:39,186 INFO o.s.o.j.LocalContainerEntityManagerFactoryBean [main] Closing JPA EntityManagerFactory for persistence unit 'default'
2024-10-30 19:33:39,188 INFO c.z.h.HikariDataSource [main] HikariPool-1 - Shutdown initiated...
2024-10-30 19:33:39,193 INFO c.z.h.HikariDataSource [main] HikariPool-1 - Shutdown completed.
2024-10-30 19:34:59,921 INFO b.c.a.p.PayrollJobApplication [main] Starting PayrollJobApplication using Java 17.0.11 with PID 48396 (/Users/alexandre/Documents/dev/workspace/spring-boot-projects/batch/sb3/payroll-job/build/classes/java/main started by alexandre in /Users/alexandre/Documents/dev/workspace/spring-boot-projects/batch/sb3/payroll-job)
2024-10-30 19:34:59,923 INFO b.c.a.p.PayrollJobApplication [main] No active profile set, falling back to 1 default profile: "default"
2024-10-30 19:35:00,150 INFO o.s.b.c.c.a.BatchRegistrar [main] Finished Spring Batch infrastructure beans configuration in 4 ms.
2024-10-30 19:35:00,233 INFO o.s.d.r.c.RepositoryConfigurationDelegate [main] Bootstrapping Spring Data JPA repositories in DEFAULT mode.
2024-10-30 19:35:00,246 INFO o.s.d.r.c.RepositoryConfigurationDelegate [main] Finished Spring Data repository scanning in 8 ms. Found 0 JPA repository interfaces.
2024-10-30 19:35:00,353 INFO o.s.c.a.ConfigurationClassEnhancer [main] @Bean method PropertiesConfig.propertySourcesPlaceholderConfigurer is non-static and returns an object assignable to Spring's BeanFactoryPostProcessor interface. This will result in a failure to process annotations such as @Autowired, @Resource and @PostConstruct within the method's declaring @Configuration class. Add the 'static' modifier to this method to avoid these container lifecycle issues; see @Bean javadoc for complete details.
2024-10-30 19:35:00,414 WARN o.s.c.s.PostProcessorRegistrationDelegate$BeanPostProcessorChecker [main] Bean 'jobRegistry' of type [org.springframework.batch.core.configuration.support.MapJobRegistry] is not eligible for getting processed by all BeanPostProcessors (for example: not eligible for auto-proxying). Is this bean getting eagerly injected into a currently created BeanPostProcessor [jobRegistryBeanPostProcessor]? Check the corresponding BeanPostProcessor declaration and its dependencies.
2024-10-30 19:35:00,482 INFO c.z.h.HikariDataSource [main] HikariPool-1 - Starting...
2024-10-30 19:35:00,716 INFO c.z.h.p.HikariPool [main] HikariPool-1 - Added connection com.mysql.cj.jdbc.ConnectionImpl@b0fd744
2024-10-30 19:35:00,717 INFO c.z.h.HikariDataSource [main] HikariPool-1 - Start completed.
2024-10-30 19:35:00,745 INFO o.h.j.i.u.LogHelper [main] HHH000204: Processing PersistenceUnitInfo [name: default]
2024-10-30 19:35:00,781 INFO o.h.Version [main] HHH000412: Hibernate ORM core version 6.5.3.Final
2024-10-30 19:35:00,804 INFO o.h.c.i.RegionFactoryInitiator [main] HHH000026: Second-level cache disabled
2024-10-30 19:35:01,029 INFO o.s.o.j.p.SpringPersistenceUnitInfo [main] No LoadTimeWeaver setup: ignoring JPA class transformer
2024-10-30 19:35:01,318 INFO o.h.e.t.j.p.i.JtaPlatformInitiator [main] HHH000489: No JTA platform available (set 'hibernate.transaction.jta.platform' to enable JTA platform integration)
2024-10-30 19:35:01,322 INFO o.s.o.j.LocalContainerEntityManagerFactoryBean [main] Initialized JPA EntityManagerFactory for persistence unit 'default'
2024-10-30 19:35:01,341 INFO o.s.b.c.r.s.JobRepositoryFactoryBean [main] No database type set, using meta data indicating: MYSQL
2024-10-30 19:35:01,374 WARN o.s.c.a.AnnotationConfigApplicationContext [main] Exception encountered during context initialization - cancelling refresh attempt: org.springframework.beans.factory.UnsatisfiedDependencyException: Error creating bean with name 'job' defined in class path resource [br/com/aab/payrolljob/config/JobFlatFilesConfig.class]: Unsatisfied dependency expressed through method 'job' parameter 0: Error creating bean with name 'employeeFlatFileStep' defined in class path resource [br/com/aab/payrolljob/steps/EmployeesStep.class]: Unsatisfied dependency expressed through method 'employeeFlatFileStep' parameter 1: No qualifying bean of type 'org.springframework.batch.item.ItemWriter<br.com.aab.payrolljob.domain.Employee>' available: expected at least 1 bean which qualifies as autowire candidate. Dependency annotations: {}
2024-10-30 19:35:01,375 INFO o.s.o.j.LocalContainerEntityManagerFactoryBean [main] Closing JPA EntityManagerFactory for persistence unit 'default'
2024-10-30 19:35:01,377 INFO c.z.h.HikariDataSource [main] HikariPool-1 - Shutdown initiated...
2024-10-30 19:35:01,382 INFO c.z.h.HikariDataSource [main] HikariPool-1 - Shutdown completed.
2024-10-30 19:35:37,201 INFO b.c.a.p.PayrollJobApplication [main] Starting PayrollJobApplication using Java 17.0.11 with PID 48425 (/Users/alexandre/Documents/dev/workspace/spring-boot-projects/batch/sb3/payroll-job/build/classes/java/main started by alexandre in /Users/alexandre/Documents/dev/workspace/spring-boot-projects/batch/sb3/payroll-job)
2024-10-30 19:35:37,203 INFO b.c.a.p.PayrollJobApplication [main] No active profile set, falling back to 1 default profile: "default"
2024-10-30 19:35:37,433 INFO o.s.b.c.c.a.BatchRegistrar [main] Finished Spring Batch infrastructure beans configuration in 4 ms.
2024-10-30 19:35:37,516 INFO o.s.d.r.c.RepositoryConfigurationDelegate [main] Bootstrapping Spring Data JPA repositories in DEFAULT mode.
2024-10-30 19:35:37,529 INFO o.s.d.r.c.RepositoryConfigurationDelegate [main] Finished Spring Data repository scanning in 8 ms. Found 0 JPA repository interfaces.
2024-10-30 19:35:37,634 INFO o.s.c.a.ConfigurationClassEnhancer [main] @Bean method PropertiesConfig.propertySourcesPlaceholderConfigurer is non-static and returns an object assignable to Spring's BeanFactoryPostProcessor interface. This will result in a failure to process annotations such as @Autowired, @Resource and @PostConstruct within the method's declaring @Configuration class. Add the 'static' modifier to this method to avoid these container lifecycle issues; see @Bean javadoc for complete details.
2024-10-30 19:35:37,694 WARN o.s.c.s.PostProcessorRegistrationDelegate$BeanPostProcessorChecker [main] Bean 'jobRegistry' of type [org.springframework.batch.core.configuration.support.MapJobRegistry] is not eligible for getting processed by all BeanPostProcessors (for example: not eligible for auto-proxying). Is this bean getting eagerly injected into a currently created BeanPostProcessor [jobRegistryBeanPostProcessor]? Check the corresponding BeanPostProcessor declaration and its dependencies.
2024-10-30 19:35:37,768 INFO c.z.h.HikariDataSource [main] HikariPool-1 - Starting...
2024-10-30 19:35:37,999 INFO c.z.h.p.HikariPool [main] HikariPool-1 - Added connection com.mysql.cj.jdbc.ConnectionImpl@3f6bf8aa
2024-10-30 19:35:38,000 INFO c.z.h.HikariDataSource [main] HikariPool-1 - Start completed.
2024-10-30 19:35:38,032 INFO o.h.j.i.u.LogHelper [main] HHH000204: Processing PersistenceUnitInfo [name: default]
2024-10-30 19:35:38,073 INFO o.h.Version [main] HHH000412: Hibernate ORM core version 6.5.3.Final
2024-10-30 19:35:38,099 INFO o.h.c.i.RegionFactoryInitiator [main] HHH000026: Second-level cache disabled
2024-10-30 19:35:38,329 INFO o.s.o.j.p.SpringPersistenceUnitInfo [main] No LoadTimeWeaver setup: ignoring JPA class transformer
2024-10-30 19:35:38,601 INFO o.h.e.t.j.p.i.JtaPlatformInitiator [main] HHH000489: No JTA platform available (set 'hibernate.transaction.jta.platform' to enable JTA platform integration)
2024-10-30 19:35:38,604 INFO o.s.o.j.LocalContainerEntityManagerFactoryBean [main] Initialized JPA EntityManagerFactory for persistence unit 'default'
2024-10-30 19:35:38,624 INFO o.s.b.c.r.s.JobRepositoryFactoryBean [main] No database type set, using meta data indicating: MYSQL
2024-10-30 19:35:38,657 WARN o.s.c.a.AnnotationConfigApplicationContext [main] Exception encountered during context initialization - cancelling refresh attempt: org.springframework.beans.factory.UnsatisfiedDependencyException: Error creating bean with name 'job' defined in class path resource [br/com/aab/payrolljob/config/JobFlatFilesConfig.class]: Unsatisfied dependency expressed through method 'job' parameter 0: Error creating bean with name 'employeeFlatFileStep' defined in class path resource [br/com/aab/payrolljob/steps/EmployeesStep.class]: Unsatisfied dependency expressed through method 'employeeFlatFileStep' parameter 1: No qualifying bean of type 'org.springframework.batch.item.ItemWriter<br.com.aab.payrolljob.domain.Employee>' available: expected at least 1 bean which qualifies as autowire candidate. Dependency annotations: {}
2024-10-30 19:35:38,658 INFO o.s.o.j.LocalContainerEntityManagerFactoryBean [main] Closing JPA EntityManagerFactory for persistence unit 'default'
2024-10-30 19:35:38,660 INFO c.z.h.HikariDataSource [main] HikariPool-1 - Shutdown initiated...
2024-10-30 19:35:38,665 INFO c.z.h.HikariDataSource [main] HikariPool-1 - Shutdown completed.
2024-10-30 19:37:22,709 INFO b.c.a.p.PayrollJobApplication [main] Starting PayrollJobApplication using Java 17.0.11 with PID 48498 (/Users/alexandre/Documents/dev/workspace/spring-boot-projects/batch/sb3/payroll-job/build/classes/java/main started by alexandre in /Users/alexandre/Documents/dev/workspace/spring-boot-projects/batch/sb3/payroll-job)
2024-10-30 19:37:22,711 INFO b.c.a.p.PayrollJobApplication [main] No active profile set, falling back to 1 default profile: "default"
2024-10-30 19:37:22,945 INFO o.s.b.c.c.a.BatchRegistrar [main] Finished Spring Batch infrastructure beans configuration in 4 ms.
2024-10-30 19:37:23,034 INFO o.s.d.r.c.RepositoryConfigurationDelegate [main] Bootstrapping Spring Data JPA repositories in DEFAULT mode.
2024-10-30 19:37:23,047 INFO o.s.d.r.c.RepositoryConfigurationDelegate [main] Finished Spring Data repository scanning in 8 ms. Found 0 JPA repository interfaces.
2024-10-30 19:37:23,154 INFO o.s.c.a.ConfigurationClassEnhancer [main] @Bean method PropertiesConfig.propertySourcesPlaceholderConfigurer is non-static and returns an object assignable to Spring's BeanFactoryPostProcessor interface. This will result in a failure to process annotations such as @Autowired, @Resource and @PostConstruct within the method's declaring @Configuration class. Add the 'static' modifier to this method to avoid these container lifecycle issues; see @Bean javadoc for complete details.
2024-10-30 19:37:23,213 WARN o.s.c.s.PostProcessorRegistrationDelegate$BeanPostProcessorChecker [main] Bean 'jobRegistry' of type [org.springframework.batch.core.configuration.support.MapJobRegistry] is not eligible for getting processed by all BeanPostProcessors (for example: not eligible for auto-proxying). Is this bean getting eagerly injected into a currently created BeanPostProcessor [jobRegistryBeanPostProcessor]? Check the corresponding BeanPostProcessor declaration and its dependencies.
2024-10-30 19:37:23,283 INFO c.z.h.HikariDataSource [main] HikariPool-1 - Starting...
2024-10-30 19:37:23,540 INFO c.z.h.p.HikariPool [main] HikariPool-1 - Added connection com.mysql.cj.jdbc.ConnectionImpl@3069a360
2024-10-30 19:37:23,542 INFO c.z.h.HikariDataSource [main] HikariPool-1 - Start completed.
2024-10-30 19:37:23,572 INFO o.h.j.i.u.LogHelper [main] HHH000204: Processing PersistenceUnitInfo [name: default]
2024-10-30 19:37:23,613 INFO o.h.Version [main] HHH000412: Hibernate ORM core version 6.5.3.Final
2024-10-30 19:37:23,638 INFO o.h.c.i.RegionFactoryInitiator [main] HHH000026: Second-level cache disabled
2024-10-30 19:37:23,867 INFO o.s.o.j.p.SpringPersistenceUnitInfo [main] No LoadTimeWeaver setup: ignoring JPA class transformer
2024-10-30 19:37:24,141 INFO o.h.e.t.j.p.i.JtaPlatformInitiator [main] HHH000489: No JTA platform available (set 'hibernate.transaction.jta.platform' to enable JTA platform integration)
2024-10-30 19:37:24,144 INFO o.s.o.j.LocalContainerEntityManagerFactoryBean [main] Initialized JPA EntityManagerFactory for persistence unit 'default'
2024-10-30 19:37:24,163 INFO o.s.b.c.r.s.JobRepositoryFactoryBean [main] No database type set, using meta data indicating: MYSQL
2024-10-30 19:37:24,198 WARN o.s.c.a.AnnotationConfigApplicationContext [main] Exception encountered during context initialization - cancelling refresh attempt: org.springframework.beans.factory.UnsatisfiedDependencyException: Error creating bean with name 'job' defined in class path resource [br/com/aab/payrolljob/config/JobFlatFilesConfig.class]: Unsatisfied dependency expressed through method 'job' parameter 0: Error creating bean with name 'employeeStep' defined in class path resource [br/com/aab/payrolljob/steps/EmployeeFlatFileStep.class]: Unsatisfied dependency expressed through method 'employeeStep' parameter 1: No qualifying bean of type 'org.springframework.batch.item.ItemWriter<br.com.aab.payrolljob.domain.Employee>' available: expected at least 1 bean which qualifies as autowire candidate. Dependency annotations: {}
2024-10-30 19:37:24,198 INFO o.s.o.j.LocalContainerEntityManagerFactoryBean [main] Closing JPA EntityManagerFactory for persistence unit 'default'
2024-10-30 19:37:24,200 INFO c.z.h.HikariDataSource [main] HikariPool-1 - Shutdown initiated...
2024-10-30 19:37:24,205 INFO c.z.h.HikariDataSource [main] HikariPool-1 - Shutdown completed.
2024-10-30 19:38:10,892 INFO b.c.a.p.PayrollJobApplication [main] Starting PayrollJobApplication using Java 17.0.11 with PID 48531 (/Users/alexandre/Documents/dev/workspace/spring-boot-projects/batch/sb3/payroll-job/build/classes/java/main started by alexandre in /Users/alexandre/Documents/dev/workspace/spring-boot-projects/batch/sb3/payroll-job)
2024-10-30 19:38:10,894 INFO b.c.a.p.PayrollJobApplication [main] No active profile set, falling back to 1 default profile: "default"
2024-10-30 19:38:11,121 INFO o.s.b.c.c.a.BatchRegistrar [main] Finished Spring Batch infrastructure beans configuration in 4 ms.
2024-10-30 19:38:11,204 INFO o.s.d.r.c.RepositoryConfigurationDelegate [main] Bootstrapping Spring Data JPA repositories in DEFAULT mode.
2024-10-30 19:38:11,218 INFO o.s.d.r.c.RepositoryConfigurationDelegate [main] Finished Spring Data repository scanning in 8 ms. Found 0 JPA repository interfaces.
2024-10-30 19:38:11,331 INFO o.s.c.a.ConfigurationClassEnhancer [main] @Bean method PropertiesConfig.propertySourcesPlaceholderConfigurer is non-static and returns an object assignable to Spring's BeanFactoryPostProcessor interface. This will result in a failure to process annotations such as @Autowired, @Resource and @PostConstruct within the method's declaring @Configuration class. Add the 'static' modifier to this method to avoid these container lifecycle issues; see @Bean javadoc for complete details.
2024-10-30 19:38:11,392 WARN o.s.c.s.PostProcessorRegistrationDelegate$BeanPostProcessorChecker [main] Bean 'jobRegistry' of type [org.springframework.batch.core.configuration.support.MapJobRegistry] is not eligible for getting processed by all BeanPostProcessors (for example: not eligible for auto-proxying). Is this bean getting eagerly injected into a currently created BeanPostProcessor [jobRegistryBeanPostProcessor]? Check the corresponding BeanPostProcessor declaration and its dependencies.
2024-10-30 19:38:11,461 INFO c.z.h.HikariDataSource [main] HikariPool-1 - Starting...
2024-10-30 19:38:11,694 INFO c.z.h.p.HikariPool [main] HikariPool-1 - Added connection com.mysql.cj.jdbc.ConnectionImpl@e280403
2024-10-30 19:38:11,695 INFO c.z.h.HikariDataSource [main] HikariPool-1 - Start completed.
2024-10-30 19:38:11,725 INFO o.h.j.i.u.LogHelper [main] HHH000204: Processing PersistenceUnitInfo [name: default]
2024-10-30 19:38:11,765 INFO o.h.Version [main] HHH000412: Hibernate ORM core version 6.5.3.Final
2024-10-30 19:38:11,788 INFO o.h.c.i.RegionFactoryInitiator [main] HHH000026: Second-level cache disabled
2024-10-30 19:38:12,024 INFO o.s.o.j.p.SpringPersistenceUnitInfo [main] No LoadTimeWeaver setup: ignoring JPA class transformer
2024-10-30 19:38:12,299 INFO o.h.e.t.j.p.i.JtaPlatformInitiator [main] HHH000489: No JTA platform available (set 'hibernate.transaction.jta.platform' to enable JTA platform integration)
2024-10-30 19:38:12,303 INFO o.s.o.j.LocalContainerEntityManagerFactoryBean [main] Initialized JPA EntityManagerFactory for persistence unit 'default'
2024-10-30 19:38:12,326 INFO o.s.b.c.r.s.JobRepositoryFactoryBean [main] No database type set, using meta data indicating: MYSQL
2024-10-30 19:38:12,362 WARN o.s.c.a.AnnotationConfigApplicationContext [main] Exception encountered during context initialization - cancelling refresh attempt: org.springframework.beans.factory.UnsatisfiedDependencyException: Error creating bean with name 'job' defined in class path resource [br/com/aab/payrolljob/config/JobFlatFilesConfig.class]: Unsatisfied dependency expressed through method 'job' parameter 0: Error creating bean with name 'employeeStep' defined in class path resource [br/com/aab/payrolljob/steps/EmployeeFlatFileStep.class]: Unsatisfied dependency expressed through method 'employeeStep' parameter 1: No qualifying bean of type 'org.springframework.batch.item.ItemWriter<br.com.aab.payrolljob.domain.Employee>' available: expected at least 1 bean which qualifies as autowire candidate. Dependency annotations: {}
2024-10-30 19:38:12,362 INFO o.s.o.j.LocalContainerEntityManagerFactoryBean [main] Closing JPA EntityManagerFactory for persistence unit 'default'
2024-10-30 19:38:12,364 INFO c.z.h.HikariDataSource [main] HikariPool-1 - Shutdown initiated...
2024-10-30 19:38:12,370 INFO c.z.h.HikariDataSource [main] HikariPool-1 - Shutdown completed.
2024-11-10 12:59:40,320 INFO b.c.a.p.PayrollJobApplication [main] Starting PayrollJobApplication using Java 17.0.11 with PID 15414 (/Users/alexandre/Documents/dev/workspace/spring-boot-projects/batch/sb3/payroll-job/build/classes/java/main started by alexandre in /Users/alexandre/Documents/dev/workspace/spring-boot-projects/batch/sb3/payroll-job)
2024-11-10 12:59:40,322 INFO b.c.a.p.PayrollJobApplication [main] No active profile set, falling back to 1 default profile: "default"
2024-11-10 12:59:40,593 INFO o.s.b.c.c.a.BatchRegistrar [main] Finished Spring Batch infrastructure beans configuration in 5 ms.
2024-11-10 12:59:40,593 WARN o.s.c.a.AnnotationConfigApplicationContext [main] Exception encountered during context initialization - cancelling refresh attempt: org.springframework.beans.factory.support.BeanDefinitionOverrideException: Invalid bean definition with name 'job' defined in class path resource [br/com/aab/payrolljob/config/PayrollJobConfig.class]: Cannot register bean definition [Root bean: class [null]; scope=; abstract=false; lazyInit=null; autowireMode=3; dependencyCheck=0; autowireCandidate=true; primary=false; factoryBeanName=payrollJobConfig; factoryMethodName=job; initMethodNames=null; destroyMethodNames=[(inferred)]; defined in class path resource [br/com/aab/payrolljob/config/PayrollJobConfig.class]] for bean 'job' since there is already [Root bean: class [null]; scope=; abstract=false; lazyInit=null; autowireMode=3; dependencyCheck=0; autowireCandidate=true; primary=false; factoryBeanName=jobFlatFilesConfig; factoryMethodName=job; initMethodNames=null; destroyMethodNames=[(inferred)]; defined in class path resource [br/com/aab/payrolljob/config/JobFlatFilesConfig.class]] bound.
2024-11-10 13:02:16,168 INFO b.c.a.p.PayrollJobApplication [main] Starting PayrollJobApplication using Java 17.0.11 with PID 15434 (/Users/alexandre/Documents/dev/workspace/spring-boot-projects/batch/sb3/payroll-job/build/classes/java/main started by alexandre in /Users/alexandre/Documents/dev/workspace/spring-boot-projects/batch/sb3/payroll-job)
2024-11-10 13:02:16,170 INFO b.c.a.p.PayrollJobApplication [main] No active profile set, falling back to 1 default profile: "default"
2024-11-10 13:02:16,381 INFO o.s.b.c.c.a.BatchRegistrar [main] Finished Spring Batch infrastructure beans configuration in 3 ms.
2024-11-10 13:02:16,484 INFO o.s.d.r.c.RepositoryConfigurationDelegate [main] Bootstrapping Spring Data JPA repositories in DEFAULT mode.
2024-11-10 13:02:16,499 INFO o.s.d.r.c.RepositoryConfigurationDelegate [main] Finished Spring Data repository scanning in 9 ms. Found 0 JPA repository interfaces.
2024-11-10 13:02:16,632 INFO o.s.c.a.ConfigurationClassEnhancer [main] @Bean method PropertiesConfig.propertySourcesPlaceholderConfigurer is non-static and returns an object assignable to Spring's BeanFactoryPostProcessor interface. This will result in a failure to process annotations such as @Autowired, @Resource and @PostConstruct within the method's declaring @Configuration class. Add the 'static' modifier to this method to avoid these container lifecycle issues; see @Bean javadoc for complete details.
2024-11-10 13:02:16,703 WARN o.s.c.s.PostProcessorRegistrationDelegate$BeanPostProcessorChecker [main] Bean 'jobRegistry' of type [org.springframework.batch.core.configuration.support.MapJobRegistry] is not eligible for getting processed by all BeanPostProcessors (for example: not eligible for auto-proxying). Is this bean getting eagerly injected into a currently created BeanPostProcessor [jobRegistryBeanPostProcessor]? Check the corresponding BeanPostProcessor declaration and its dependencies.
2024-11-10 13:02:16,804 INFO c.z.h.HikariDataSource [main] HikariPool-1 - Starting...
2024-11-10 13:02:17,082 INFO c.z.h.p.HikariPool [main] HikariPool-1 - Added connection com.mysql.cj.jdbc.ConnectionImpl@4eaa375c
2024-11-10 13:02:17,083 INFO c.z.h.HikariDataSource [main] HikariPool-1 - Start completed.
2024-11-10 13:02:17,125 INFO o.h.j.i.u.LogHelper [main] HHH000204: Processing PersistenceUnitInfo [name: default]
2024-11-10 13:02:17,183 INFO o.h.Version [main] HHH000412: Hibernate ORM core version 6.5.3.Final
2024-11-10 13:02:17,216 INFO o.h.c.i.RegionFactoryInitiator [main] HHH000026: Second-level cache disabled
2024-11-10 13:02:17,517 INFO o.s.o.j.p.SpringPersistenceUnitInfo [main] No LoadTimeWeaver setup: ignoring JPA class transformer
2024-11-10 13:02:17,863 INFO o.h.e.t.j.p.i.JtaPlatformInitiator [main] HHH000489: No JTA platform available (set 'hibernate.transaction.jta.platform' to enable JTA platform integration)
2024-11-10 13:02:17,867 INFO o.s.o.j.LocalContainerEntityManagerFactoryBean [main] Initialized JPA EntityManagerFactory for persistence unit 'default'
2024-11-10 13:02:17,891 INFO o.s.b.c.r.s.JobRepositoryFactoryBean [main] No database type set, using meta data indicating: MYSQL
2024-11-10 13:02:17,933 WARN o.s.c.a.AnnotationConfigApplicationContext [main] Exception encountered during context initialization - cancelling refresh attempt: org.springframework.beans.factory.UnsatisfiedDependencyException: Error creating bean with name 'job' defined in class path resource [br/com/aab/payrolljob/config/JobFlatFilesConfig.class]: Unsatisfied dependency expressed through method 'job' parameter 0: Error creating bean with name 'employeeStep' defined in class path resource [br/com/aab/payrolljob/steps/EmployeeFlatFileStep.class]: Unsatisfied dependency expressed through method 'employeeStep' parameter 1: No qualifying bean of type 'org.springframework.batch.item.ItemWriter<br.com.aab.payrolljob.domain.Employee>' available: expected at least 1 bean which qualifies as autowire candidate. Dependency annotations: {}
2024-11-10 13:02:17,933 INFO o.s.o.j.LocalContainerEntityManagerFactoryBean [main] Closing JPA EntityManagerFactory for persistence unit 'default'
2024-11-10 13:02:17,935 INFO c.z.h.HikariDataSource [main] HikariPool-1 - Shutdown initiated...
2024-11-10 13:02:17,941 INFO c.z.h.HikariDataSource [main] HikariPool-1 - Shutdown completed.
2024-11-10 17:57:31,163 INFO b.c.a.p.PayrollJobApplication [main] Starting PayrollJobApplication using Java 17.0.11 with PID 17684 (/Users/alexandre/Documents/dev/workspace/spring-boot-projects/batch/sb3/payroll-job/build/classes/java/main started by alexandre in /Users/alexandre/Documents/dev/workspace/spring-boot-projects/batch/sb3/payroll-job)
2024-11-10 17:57:31,165 INFO b.c.a.p.PayrollJobApplication [main] No active profile set, falling back to 1 default profile: "default"
2024-11-10 17:57:31,423 INFO o.s.b.c.c.a.BatchRegistrar [main] Finished Spring Batch infrastructure beans configuration in 5 ms.
2024-11-10 17:57:31,518 INFO o.s.d.r.c.RepositoryConfigurationDelegate [main] Bootstrapping Spring Data JPA repositories in DEFAULT mode.
2024-11-10 17:57:31,533 INFO o.s.d.r.c.RepositoryConfigurationDelegate [main] Finished Spring Data repository scanning in 9 ms. Found 0 JPA repository interfaces.
2024-11-10 17:57:31,658 INFO o.s.c.a.ConfigurationClassEnhancer [main] @Bean method PropertiesConfig.propertySourcesPlaceholderConfigurer is non-static and returns an object assignable to Spring's BeanFactoryPostProcessor interface. This will result in a failure to process annotations such as @Autowired, @Resource and @PostConstruct within the method's declaring @Configuration class. Add the 'static' modifier to this method to avoid these container lifecycle issues; see @Bean javadoc for complete details.
2024-11-10 17:57:31,726 WARN o.s.c.s.PostProcessorRegistrationDelegate$BeanPostProcessorChecker [main] Bean 'jobRegistry' of type [org.springframework.batch.core.configuration.support.MapJobRegistry] is not eligible for getting processed by all BeanPostProcessors (for example: not eligible for auto-proxying). Is this bean getting eagerly injected into a currently created BeanPostProcessor [jobRegistryBeanPostProcessor]? Check the corresponding BeanPostProcessor declaration and its dependencies.
2024-11-10 17:57:31,805 INFO c.z.h.HikariDataSource [main] HikariPool-1 - Starting...
2024-11-10 17:57:32,074 INFO c.z.h.p.HikariPool [main] HikariPool-1 - Added connection com.mysql.cj.jdbc.ConnectionImpl@3f6bf8aa
2024-11-10 17:57:32,075 INFO c.z.h.HikariDataSource [main] HikariPool-1 - Start completed.
2024-11-10 17:57:32,114 INFO o.h.j.i.u.LogHelper [main] HHH000204: Processing PersistenceUnitInfo [name: default]
2024-11-10 17:57:32,176 INFO o.h.Version [main] HHH000412: Hibernate ORM core version 6.5.3.Final
2024-11-10 17:57:32,210 INFO o.h.c.i.RegionFactoryInitiator [main] HHH000026: Second-level cache disabled
2024-11-10 17:57:32,505 INFO o.s.o.j.p.SpringPersistenceUnitInfo [main] No LoadTimeWeaver setup: ignoring JPA class transformer
2024-11-10 17:57:32,844 INFO o.h.e.t.j.p.i.JtaPlatformInitiator [main] HHH000489: No JTA platform available (set 'hibernate.transaction.jta.platform' to enable JTA platform integration)
2024-11-10 17:57:32,849 INFO o.s.o.j.LocalContainerEntityManagerFactoryBean [main] Initialized JPA EntityManagerFactory for persistence unit 'default'
2024-11-10 17:57:32,874 INFO o.s.b.c.r.s.JobRepositoryFactoryBean [main] No database type set, using meta data indicating: MYSQL
2024-11-10 17:57:32,918 WARN o.s.c.a.AnnotationConfigApplicationContext [main] Exception encountered during context initialization - cancelling refresh attempt: org.springframework.beans.factory.UnsatisfiedDependencyException: Error creating bean with name 'job' defined in class path resource [br/com/aab/payrolljob/config/JobFlatFilesConfig.class]: Unsatisfied dependency expressed through method 'job' parameter 0: Error creating bean with name 'employeeStep' defined in class path resource [br/com/aab/payrolljob/steps/EmployeeFlatFileStep.class]: Unsatisfied dependency expressed through method 'employeeStep' parameter 3: No qualifying bean of type 'org.springframework.jdbc.datasource.DataSourceTransactionManager' available: expected at least 1 bean which qualifies as autowire candidate. Dependency annotations: {}
2024-11-10 17:57:32,919 INFO o.s.o.j.LocalContainerEntityManagerFactoryBean [main] Closing JPA EntityManagerFactory for persistence unit 'default'
2024-11-10 17:57:32,921 INFO c.z.h.HikariDataSource [main] HikariPool-1 - Shutdown initiated...
2024-11-10 17:57:32,926 INFO c.z.h.HikariDataSource [main] HikariPool-1 - Shutdown completed.
2024-11-10 18:13:22,122 INFO b.c.a.p.PayrollJobApplication [main] Starting PayrollJobApplication using Java 17.0.11 with PID 18341 (/Users/alexandre/Documents/dev/workspace/spring-boot-projects/batch/sb3/payroll-job/build/classes/java/main started by alexandre in /Users/alexandre/Documents/dev/workspace/spring-boot-projects/batch/sb3/payroll-job)
2024-11-10 18:13:22,124 INFO b.c.a.p.PayrollJobApplication [main] No active profile set, falling back to 1 default profile: "default"
2024-11-10 18:13:22,338 INFO o.s.b.c.c.a.BatchRegistrar [main] Finished Spring Batch infrastructure beans configuration in 4 ms.
2024-11-10 18:13:22,419 INFO o.s.d.r.c.RepositoryConfigurationDelegate [main] Bootstrapping Spring Data JPA repositories in DEFAULT mode.
2024-11-10 18:13:22,432 INFO o.s.d.r.c.RepositoryConfigurationDelegate [main] Finished Spring Data repository scanning in 8 ms. Found 0 JPA repository interfaces.
2024-11-10 18:13:22,538 INFO o.s.c.a.ConfigurationClassEnhancer [main] @Bean method PropertiesConfig.propertySourcesPlaceholderConfigurer is non-static and returns an object assignable to Spring's BeanFactoryPostProcessor interface. This will result in a failure to process annotations such as @Autowired, @Resource and @PostConstruct within the method's declaring @Configuration class. Add the 'static' modifier to this method to avoid these container lifecycle issues; see @Bean javadoc for complete details.
2024-11-10 18:13:22,594 WARN o.s.c.s.PostProcessorRegistrationDelegate$BeanPostProcessorChecker [main] Bean 'jobRegistry' of type [org.springframework.batch.core.configuration.support.MapJobRegistry] is not eligible for getting processed by all BeanPostProcessors (for example: not eligible for auto-proxying). Is this bean getting eagerly injected into a currently created BeanPostProcessor [jobRegistryBeanPostProcessor]? Check the corresponding BeanPostProcessor declaration and its dependencies.
2024-11-10 18:13:22,664 INFO c.z.h.HikariDataSource [main] HikariPool-1 - Starting...
2024-11-10 18:13:22,885 INFO c.z.h.p.HikariPool [main] HikariPool-1 - Added connection com.mysql.cj.jdbc.ConnectionImpl@50eb4a2c
2024-11-10 18:13:22,886 INFO c.z.h.HikariDataSource [main] HikariPool-1 - Start completed.
2024-11-10 18:13:22,914 INFO o.h.j.i.u.LogHelper [main] HHH000204: Processing PersistenceUnitInfo [name: default]
2024-11-10 18:13:22,950 INFO o.h.Version [main] HHH000412: Hibernate ORM core version 6.5.3.Final
2024-11-10 18:13:22,973 INFO o.h.c.i.RegionFactoryInitiator [main] HHH000026: Second-level cache disabled
2024-11-10 18:13:23,195 INFO o.s.o.j.p.SpringPersistenceUnitInfo [main] No LoadTimeWeaver setup: ignoring JPA class transformer
2024-11-10 18:13:23,456 INFO o.h.e.t.j.p.i.JtaPlatformInitiator [main] HHH000489: No JTA platform available (set 'hibernate.transaction.jta.platform' to enable JTA platform integration)
2024-11-10 18:13:23,459 INFO o.s.o.j.LocalContainerEntityManagerFactoryBean [main] Initialized JPA EntityManagerFactory for persistence unit 'default'
2024-11-10 18:13:23,478 INFO o.s.b.c.r.s.JobRepositoryFactoryBean [main] No database type set, using meta data indicating: MYSQL
2024-11-10 18:13:23,514 WARN o.s.c.a.AnnotationConfigApplicationContext [main] Exception encountered during context initialization - cancelling refresh attempt: org.springframework.beans.factory.UnsatisfiedDependencyException: Error creating bean with name 'job' defined in class path resource [br/com/aab/payrolljob/config/JobFlatFilesConfig.class]: Unsatisfied dependency expressed through method 'job' parameter 0: Error creating bean with name 'employeeStep' defined in class path resource [br/com/aab/payrolljob/steps/EmployeeFlatFileStep.class]: Unsatisfied dependency expressed through method 'employeeStep' parameter 3: Failed to convert value of type 'java.lang.String' to required type 'org.springframework.jdbc.datasource.DataSourceTransactionManager'; Cannot convert value of type 'java.lang.String' to required type 'org.springframework.jdbc.datasource.DataSourceTransactionManager': no matching editors or conversion strategy found
2024-11-10 18:13:23,514 INFO o.s.o.j.LocalContainerEntityManagerFactoryBean [main] Closing JPA EntityManagerFactory for persistence unit 'default'
2024-11-10 18:13:23,516 INFO c.z.h.HikariDataSource [main] HikariPool-1 - Shutdown initiated...
2024-11-10 18:13:23,521 INFO c.z.h.HikariDataSource [main] HikariPool-1 - Shutdown completed.
2024-11-10 18:16:06,576 INFO b.c.a.p.PayrollJobApplication [main] Starting PayrollJobApplication using Java 17.0.11 with PID 18368 (/Users/alexandre/Documents/dev/workspace/spring-boot-projects/batch/sb3/payroll-job/build/classes/java/main started by alexandre in /Users/alexandre/Documents/dev/workspace/spring-boot-projects/batch/sb3/payroll-job)
2024-11-10 18:16:06,578 INFO b.c.a.p.PayrollJobApplication [main] No active profile set, falling back to 1 default profile: "default"
2024-11-10 18:16:06,787 INFO o.s.b.c.c.a.BatchRegistrar [main] Finished Spring Batch infrastructure beans configuration in 4 ms.
2024-11-10 18:16:06,869 INFO o.s.d.r.c.RepositoryConfigurationDelegate [main] Bootstrapping Spring Data JPA repositories in DEFAULT mode.
2024-11-10 18:16:06,882 INFO o.s.d.r.c.RepositoryConfigurationDelegate [main] Finished Spring Data repository scanning in 8 ms. Found 0 JPA repository interfaces.
2024-11-10 18:16:06,989 INFO o.s.c.a.ConfigurationClassEnhancer [main] @Bean method PropertiesConfig.propertySourcesPlaceholderConfigurer is non-static and returns an object assignable to Spring's BeanFactoryPostProcessor interface. This will result in a failure to process annotations such as @Autowired, @Resource and @PostConstruct within the method's declaring @Configuration class. Add the 'static' modifier to this method to avoid these container lifecycle issues; see @Bean javadoc for complete details.
2024-11-10 18:16:07,046 WARN o.s.c.s.PostProcessorRegistrationDelegate$BeanPostProcessorChecker [main] Bean 'jobRegistry' of type [org.springframework.batch.core.configuration.support.MapJobRegistry] is not eligible for getting processed by all BeanPostProcessors (for example: not eligible for auto-proxying). Is this bean getting eagerly injected into a currently created BeanPostProcessor [jobRegistryBeanPostProcessor]? Check the corresponding BeanPostProcessor declaration and its dependencies.
2024-11-10 18:16:07,113 INFO c.z.h.HikariDataSource [main] HikariPool-1 - Starting...
2024-11-10 18:16:07,348 INFO c.z.h.p.HikariPool [main] HikariPool-1 - Added connection com.mysql.cj.jdbc.ConnectionImpl@50eb4a2c
2024-11-10 18:16:07,349 INFO c.z.h.HikariDataSource [main] HikariPool-1 - Start completed.
2024-11-10 18:16:07,377 INFO o.h.j.i.u.LogHelper [main] HHH000204: Processing PersistenceUnitInfo [name: default]
2024-11-10 18:16:07,414 INFO o.h.Version [main] HHH000412: Hibernate ORM core version 6.5.3.Final
2024-11-10 18:16:07,437 INFO o.h.c.i.RegionFactoryInitiator [main] HHH000026: Second-level cache disabled
2024-11-10 18:16:07,658 INFO o.s.o.j.p.SpringPersistenceUnitInfo [main] No LoadTimeWeaver setup: ignoring JPA class transformer
2024-11-10 18:16:07,920 INFO o.h.e.t.j.p.i.JtaPlatformInitiator [main] HHH000489: No JTA platform available (set 'hibernate.transaction.jta.platform' to enable JTA platform integration)
2024-11-10 18:16:07,924 INFO o.s.o.j.LocalContainerEntityManagerFactoryBean [main] Initialized JPA EntityManagerFactory for persistence unit 'default'
2024-11-10 18:16:07,943 INFO o.s.b.c.r.s.JobRepositoryFactoryBean [main] No database type set, using meta data indicating: MYSQL
2024-11-10 18:16:07,977 WARN o.s.c.a.AnnotationConfigApplicationContext [main] Exception encountered during context initialization - cancelling refresh attempt: org.springframework.beans.factory.UnsatisfiedDependencyException: Error creating bean with name 'job' defined in class path resource [br/com/aab/payrolljob/config/JobFlatFilesConfig.class]: Unsatisfied dependency expressed through method 'job' parameter 0: Error creating bean with name 'employeeStep' defined in class path resource [br/com/aab/payrolljob/steps/EmployeeFlatFileStep.class]: Unsatisfied dependency expressed through method 'employeeStep' parameter 3: Failed to convert value of type 'java.lang.String' to required type 'org.springframework.jdbc.datasource.DataSourceTransactionManager'; Cannot convert value of type 'java.lang.String' to required type 'org.springframework.jdbc.datasource.DataSourceTransactionManager': no matching editors or conversion strategy found
2024-11-10 18:16:07,978 INFO o.s.o.j.LocalContainerEntityManagerFactoryBean [main] Closing JPA EntityManagerFactory for persistence unit 'default'
2024-11-10 18:16:07,980 INFO c.z.h.HikariDataSource [main] HikariPool-1 - Shutdown initiated...
2024-11-10 18:16:07,985 INFO c.z.h.HikariDataSource [main] HikariPool-1 - Shutdown completed.
2024-11-10 18:28:32,064 INFO b.c.a.p.PayrollJobApplication [main] Starting PayrollJobApplication using Java 17.0.11 with PID 18468 (/Users/alexandre/Documents/dev/workspace/spring-boot-projects/batch/sb3/payroll-job/build/classes/java/main started by alexandre in /Users/alexandre/Documents/dev/workspace/spring-boot-projects/batch/sb3/payroll-job)
2024-11-10 18:28:32,065 INFO b.c.a.p.PayrollJobApplication [main] No active profile set, falling back to 1 default profile: "default"
2024-11-10 18:28:32,269 INFO o.s.b.c.c.a.BatchRegistrar [main] Finished Spring Batch infrastructure beans configuration in 3 ms.
2024-11-10 18:28:32,351 INFO o.s.d.r.c.RepositoryConfigurationDelegate [main] Bootstrapping Spring Data JPA repositories in DEFAULT mode.
2024-11-10 18:28:32,365 INFO o.s.d.r.c.RepositoryConfigurationDelegate [main] Finished Spring Data repository scanning in 8 ms. Found 0 JPA repository interfaces.
2024-11-10 18:28:32,474 INFO o.s.c.a.ConfigurationClassEnhancer [main] @Bean method PropertiesConfig.propertySourcesPlaceholderConfigurer is non-static and returns an object assignable to Spring's BeanFactoryPostProcessor interface. This will result in a failure to process annotations such as @Autowired, @Resource and @PostConstruct within the method's declaring @Configuration class. Add the 'static' modifier to this method to avoid these container lifecycle issues; see @Bean javadoc for complete details.
2024-11-10 18:28:32,528 WARN o.s.c.s.PostProcessorRegistrationDelegate$BeanPostProcessorChecker [main] Bean 'jobRegistry' of type [org.springframework.batch.core.configuration.support.MapJobRegistry] is not eligible for getting processed by all BeanPostProcessors (for example: not eligible for auto-proxying). Is this bean getting eagerly injected into a currently created BeanPostProcessor [jobRegistryBeanPostProcessor]? Check the corresponding BeanPostProcessor declaration and its dependencies.
2024-11-10 18:28:32,594 INFO c.z.h.HikariDataSource [main] HikariPool-1 - Starting...
2024-11-10 18:28:32,815 INFO c.z.h.p.HikariPool [main] HikariPool-1 - Added connection com.mysql.cj.jdbc.ConnectionImpl@4bdf
2024-11-10 18:28:32,816 INFO c.z.h.HikariDataSource [main] HikariPool-1 - Start completed.
2024-11-10 18:28:32,845 INFO o.h.j.i.u.LogHelper [main] HHH000204: Processing PersistenceUnitInfo [name: default]
2024-11-10 18:28:32,881 INFO o.h.Version [main] HHH000412: Hibernate ORM core version 6.5.3.Final
2024-11-10 18:28:32,905 INFO o.h.c.i.RegionFactoryInitiator [main] HHH000026: Second-level cache disabled
2024-11-10 18:28:33,126 INFO o.s.o.j.p.SpringPersistenceUnitInfo [main] No LoadTimeWeaver setup: ignoring JPA class transformer
2024-11-10 18:28:33,385 INFO o.h.e.t.j.p.i.JtaPlatformInitiator [main] HHH000489: No JTA platform available (set 'hibernate.transaction.jta.platform' to enable JTA platform integration)
2024-11-10 18:28:33,389 INFO o.s.o.j.LocalContainerEntityManagerFactoryBean [main] Initialized JPA EntityManagerFactory for persistence unit 'default'
2024-11-10 18:28:33,407 INFO o.s.b.c.r.s.JobRepositoryFactoryBean [main] No database type set, using meta data indicating: MYSQL
2024-11-10 18:28:33,477 INFO o.s.b.c.c.a.BatchObservabilityBeanPostProcessor [main] No Micrometer observation registry found, defaulting to ObservationRegistry.NOOP
2024-11-10 18:28:33,477 INFO b.c.a.p.c.JobFlatFilesConfig [main] Creating job for reading employees flat files
2024-11-10 18:28:33,482 INFO o.s.b.c.c.a.BatchObservabilityBeanPostProcessor [main] No Micrometer observation registry found, defaulting to ObservationRegistry.NOOP
2024-11-10 18:28:33,484 INFO o.s.b.c.l.s.SimpleJobLauncher [main] No TaskExecutor has been set, defaulting to synchronous executor.
2024-11-10 18:28:33,613 INFO b.c.a.p.PayrollJobApplication [main] Started PayrollJobApplication in 1.833 seconds (process running for 2.3)
2024-11-10 18:28:33,618 INFO o.s.o.j.LocalContainerEntityManagerFactoryBean [SpringApplicationShutdownHook] Closing JPA EntityManagerFactory for persistence unit 'default'
2024-11-10 18:28:33,620 INFO c.z.h.HikariDataSource [SpringApplicationShutdownHook] HikariPool-1 - Shutdown initiated...
2024-11-10 18:28:33,626 INFO c.z.h.HikariDataSource [SpringApplicationShutdownHook] HikariPool-1 - Shutdown completed.
2024-11-10 18:30:05,211 INFO b.c.a.p.PayrollJobApplication [main] Starting PayrollJobApplication using Java 17.0.11 with PID 18477 (/Users/alexandre/Documents/dev/workspace/spring-boot-projects/batch/sb3/payroll-job/build/classes/java/main started by alexandre in /Users/alexandre/Documents/dev/workspace/spring-boot-projects/batch/sb3/payroll-job)
2024-11-10 18:30:05,213 INFO b.c.a.p.PayrollJobApplication [main] No active profile set, falling back to 1 default profile: "default"
2024-11-10 18:30:05,451 INFO o.s.b.c.c.a.BatchRegistrar [main] Finished Spring Batch infrastructure beans configuration in 4 ms.
2024-11-10 18:30:05,537 INFO o.s.d.r.c.RepositoryConfigurationDelegate [main] Bootstrapping Spring Data JPA repositories in DEFAULT mode.
2024-11-10 18:30:05,551 INFO o.s.d.r.c.RepositoryConfigurationDelegate [main] Finished Spring Data repository scanning in 8 ms. Found 0 JPA repository interfaces.
2024-11-10 18:30:05,671 INFO o.s.c.a.ConfigurationClassEnhancer [main] @Bean method PropertiesConfig.propertySourcesPlaceholderConfigurer is non-static and returns an object assignable to Spring's BeanFactoryPostProcessor interface. This will result in a failure to process annotations such as @Autowired, @Resource and @PostConstruct within the method's declaring @Configuration class. Add the 'static' modifier to this method to avoid these container lifecycle issues; see @Bean javadoc for complete details.
2024-11-10 18:30:16,595 WARN o.s.c.s.PostProcessorRegistrationDelegate$BeanPostProcessorChecker [main] Bean 'jobRegistry' of type [org.springframework.batch.core.configuration.support.MapJobRegistry] is not eligible for getting processed by all BeanPostProcessors (for example: not eligible for auto-proxying). Is this bean getting eagerly injected into a currently created BeanPostProcessor [jobRegistryBeanPostProcessor]? Check the corresponding BeanPostProcessor declaration and its dependencies.
2024-11-10 18:30:16,673 INFO c.z.h.HikariDataSource [main] HikariPool-1 - Starting...
2024-11-10 18:30:16,928 INFO c.z.h.p.HikariPool [main] HikariPool-1 - Added connection com.mysql.cj.jdbc.ConnectionImpl@26ca61bf
2024-11-10 18:30:16,929 INFO c.z.h.HikariDataSource [main] HikariPool-1 - Start completed.
2024-11-10 18:30:16,959 INFO o.h.j.i.u.LogHelper [main] HHH000204: Processing PersistenceUnitInfo [name: default]
2024-11-10 18:30:17,000 INFO o.h.Version [main] HHH000412: Hibernate ORM core version 6.5.3.Final
2024-11-10 18:30:17,026 INFO o.h.c.i.RegionFactoryInitiator [main] HHH000026: Second-level cache disabled
2024-11-10 18:30:17,273 INFO o.s.o.j.p.SpringPersistenceUnitInfo [main] No LoadTimeWeaver setup: ignoring JPA class transformer
2024-11-10 18:30:17,563 INFO o.h.e.t.j.p.i.JtaPlatformInitiator [main] HHH000489: No JTA platform available (set 'hibernate.transaction.jta.platform' to enable JTA platform integration)
2024-11-10 18:30:17,566 INFO o.s.o.j.LocalContainerEntityManagerFactoryBean [main] Initialized JPA EntityManagerFactory for persistence unit 'default'
2024-11-10 18:30:17,587 INFO o.s.b.c.r.s.JobRepositoryFactoryBean [main] No database type set, using meta data indicating: MYSQL
2024-11-10 18:30:58,088 INFO o.s.b.c.c.a.BatchObservabilityBeanPostProcessor [main] No Micrometer observation registry found, defaulting to ObservationRegistry.NOOP
2024-11-10 18:30:58,088 INFO b.c.a.p.c.JobFlatFilesConfig [main] Creating job for reading employees flat files
2024-11-10 18:30:58,094 INFO o.s.b.c.c.a.BatchObservabilityBeanPostProcessor [main] No Micrometer observation registry found, defaulting to ObservationRegistry.NOOP
2024-11-10 18:30:58,097 INFO o.s.b.c.l.s.SimpleJobLauncher [main] No TaskExecutor has been set, defaulting to synchronous executor.
2024-11-10 18:30:58,202 INFO b.c.a.p.PayrollJobApplication [main] Started PayrollJobApplication in 53.309 seconds (process running for 60.1)
2024-11-10 18:30:58,207 INFO o.s.o.j.LocalContainerEntityManagerFactoryBean [SpringApplicationShutdownHook] Closing JPA EntityManagerFactory for persistence unit 'default'
2024-11-10 18:30:58,209 INFO c.z.h.HikariDataSource [SpringApplicationShutdownHook] HikariPool-1 - Shutdown initiated...
2024-11-10 18:30:58,215 INFO c.z.h.HikariDataSource [SpringApplicationShutdownHook] HikariPool-1 - Shutdown completed.
2024-11-10 18:32:19,289 INFO b.c.a.p.PayrollJobApplication [main] Starting PayrollJobApplication using Java 17.0.11 with PID 18513 (/Users/alexandre/Documents/dev/workspace/spring-boot-projects/batch/sb3/payroll-job/build/classes/java/main started by alexandre in /Users/alexandre/Documents/dev/workspace/spring-boot-projects/batch/sb3/payroll-job)
2024-11-10 18:32:19,291 INFO b.c.a.p.PayrollJobApplication [main] No active profile set, falling back to 1 default profile: "default"
2024-11-10 18:32:19,522 INFO o.s.b.c.c.a.BatchRegistrar [main] Finished Spring Batch infrastructure beans configuration in 4 ms.
2024-11-10 18:32:19,606 INFO o.s.d.r.c.RepositoryConfigurationDelegate [main] Bootstrapping Spring Data JPA repositories in DEFAULT mode.
2024-11-10 18:32:19,619 INFO o.s.d.r.c.RepositoryConfigurationDelegate [main] Finished Spring Data repository scanning in 8 ms. Found 0 JPA repository interfaces.
2024-11-10 18:32:19,737 INFO o.s.c.a.ConfigurationClassEnhancer [main] @Bean method PropertiesConfig.propertySourcesPlaceholderConfigurer is non-static and returns an object assignable to Spring's BeanFactoryPostProcessor interface. This will result in a failure to process annotations such as @Autowired, @Resource and @PostConstruct within the method's declaring @Configuration class. Add the 'static' modifier to this method to avoid these container lifecycle issues; see @Bean javadoc for complete details.
2024-11-10 18:32:23,760 WARN o.s.c.s.PostProcessorRegistrationDelegate$BeanPostProcessorChecker [main] Bean 'jobRegistry' of type [org.springframework.batch.core.configuration.support.MapJobRegistry] is not eligible for getting processed by all BeanPostProcessors (for example: not eligible for auto-proxying). Is this bean getting eagerly injected into a currently created BeanPostProcessor [jobRegistryBeanPostProcessor]? Check the corresponding BeanPostProcessor declaration and its dependencies.
2024-11-10 18:32:23,834 INFO c.z.h.HikariDataSource [main] HikariPool-1 - Starting...
2024-11-10 18:32:24,088 INFO c.z.h.p.HikariPool [main] HikariPool-1 - Added connection com.mysql.cj.jdbc.ConnectionImpl@787508ca
2024-11-10 18:32:24,090 INFO c.z.h.HikariDataSource [main] HikariPool-1 - Start completed.
2024-11-10 18:32:24,120 INFO o.h.j.i.u.LogHelper [main] HHH000204: Processing PersistenceUnitInfo [name: default]
2024-11-10 18:32:24,160 INFO o.h.Version [main] HHH000412: Hibernate ORM core version 6.5.3.Final
2024-11-10 18:32:24,185 INFO o.h.c.i.RegionFactoryInitiator [main] HHH000026: Second-level cache disabled
2024-11-10 18:32:24,439 INFO o.s.o.j.p.SpringPersistenceUnitInfo [main] No LoadTimeWeaver setup: ignoring JPA class transformer
2024-11-10 18:32:24,731 INFO o.h.e.t.j.p.i.JtaPlatformInitiator [main] HHH000489: No JTA platform available (set 'hibernate.transaction.jta.platform' to enable JTA platform integration)
2024-11-10 18:32:24,734 INFO o.s.o.j.LocalContainerEntityManagerFactoryBean [main] Initialized JPA EntityManagerFactory for persistence unit 'default'
2024-11-10 18:32:24,755 INFO o.s.b.c.r.s.JobRepositoryFactoryBean [main] No database type set, using meta data indicating: MYSQL
2024-11-10 18:33:26,862 INFO o.s.b.c.c.a.BatchObservabilityBeanPostProcessor [main] No Micrometer observation registry found, defaulting to ObservationRegistry.NOOP
2024-11-10 18:33:26,862 INFO b.c.a.p.c.JobFlatFilesConfig [main] Creating job for reading employees flat files
2024-11-10 18:33:26,867 INFO o.s.b.c.c.a.BatchObservabilityBeanPostProcessor [main] No Micrometer observation registry found, defaulting to ObservationRegistry.NOOP
2024-11-10 18:33:26,869 INFO o.s.b.c.l.s.SimpleJobLauncher [main] No TaskExecutor has been set, defaulting to synchronous executor.
2024-11-10 18:33:26,976 INFO b.c.a.p.PayrollJobApplication [main] Started PayrollJobApplication in 68.004 seconds (process running for 68.573)
2024-11-10 18:33:26,981 INFO o.s.o.j.LocalContainerEntityManagerFactoryBean [SpringApplicationShutdownHook] Closing JPA EntityManagerFactory for persistence unit 'default'
2024-11-10 18:33:26,983 INFO c.z.h.HikariDataSource [SpringApplicationShutdownHook] HikariPool-1 - Shutdown initiated...
2024-11-10 18:33:26,988 INFO c.z.h.HikariDataSource [SpringApplicationShutdownHook] HikariPool-1 - Shutdown completed.
2024-11-10 18:34:27,913 INFO b.c.a.p.PayrollJobApplication [main] Starting PayrollJobApplication using Java 17.0.11 with PID 18528 (/Users/alexandre/Documents/dev/workspace/spring-boot-projects/batch/sb3/payroll-job/build/classes/java/main started by alexandre in /Users/alexandre/Documents/dev/workspace/spring-boot-projects/batch/sb3/payroll-job)
2024-11-10 18:34:27,915 INFO b.c.a.p.PayrollJobApplication [main] No active profile set, falling back to 1 default profile: "default"
2024-11-10 18:34:28,153 INFO o.s.b.c.c.a.BatchRegistrar [main] Finished Spring Batch infrastructure beans configuration in 4 ms.
2024-11-10 18:34:28,241 INFO o.s.d.r.c.RepositoryConfigurationDelegate [main] Bootstrapping Spring Data JPA repositories in DEFAULT mode.
2024-11-10 18:34:28,255 INFO o.s.d.r.c.RepositoryConfigurationDelegate [main] Finished Spring Data repository scanning in 8 ms. Found 0 JPA repository interfaces.
2024-11-10 18:34:28,375 INFO o.s.c.a.ConfigurationClassEnhancer [main] @Bean method PropertiesConfig.propertySourcesPlaceholderConfigurer is non-static and returns an object assignable to Spring's BeanFactoryPostProcessor interface. This will result in a failure to process annotations such as @Autowired, @Resource and @PostConstruct within the method's declaring @Configuration class. Add the 'static' modifier to this method to avoid these container lifecycle issues; see @Bean javadoc for complete details.
2024-11-10 18:35:04,369 WARN o.s.c.s.PostProcessorRegistrationDelegate$BeanPostProcessorChecker [main] Bean 'jobRegistry' of type [org.springframework.batch.core.configuration.support.MapJobRegistry] is not eligible for getting processed by all BeanPostProcessors (for example: not eligible for auto-proxying). Is this bean getting eagerly injected into a currently created BeanPostProcessor [jobRegistryBeanPostProcessor]? Check the corresponding BeanPostProcessor declaration and its dependencies.
2024-11-10 18:35:04,442 INFO c.z.h.HikariDataSource [main] HikariPool-1 - Starting...
2024-11-10 18:35:04,725 INFO c.z.h.p.HikariPool [main] HikariPool-1 - Added connection com.mysql.cj.jdbc.ConnectionImpl@f0020b1
2024-11-10 18:35:04,726 INFO c.z.h.HikariDataSource [main] HikariPool-1 - Start completed.
2024-11-10 18:35:04,756 INFO o.h.j.i.u.LogHelper [main] HHH000204: Processing PersistenceUnitInfo [name: default]
2024-11-10 18:35:04,797 INFO o.h.Version [main] HHH000412: Hibernate ORM core version 6.5.3.Final
2024-11-10 18:35:04,823 INFO o.h.c.i.RegionFactoryInitiator [main] HHH000026: Second-level cache disabled
2024-11-10 18:35:05,076 INFO o.s.o.j.p.SpringPersistenceUnitInfo [main] No LoadTimeWeaver setup: ignoring JPA class transformer
2024-11-10 18:35:05,367 INFO o.h.e.t.j.p.i.JtaPlatformInitiator [main] HHH000489: No JTA platform available (set 'hibernate.transaction.jta.platform' to enable JTA platform integration)
2024-11-10 18:35:05,371 INFO o.s.o.j.LocalContainerEntityManagerFactoryBean [main] Initialized JPA EntityManagerFactory for persistence unit 'default'
2024-11-10 18:35:05,392 INFO o.s.b.c.r.s.JobRepositoryFactoryBean [main] No database type set, using meta data indicating: MYSQL
2024-11-10 18:35:14,629 INFO o.s.b.c.c.a.BatchObservabilityBeanPostProcessor [main] No Micrometer observation registry found, defaulting to ObservationRegistry.NOOP
2024-11-10 18:35:14,629 INFO b.c.a.p.c.JobFlatFilesConfig [main] Creating job for reading employees flat files
2024-11-10 18:35:14,634 INFO o.s.b.c.c.a.BatchObservabilityBeanPostProcessor [main] No Micrometer observation registry found, defaulting to ObservationRegistry.NOOP
2024-11-10 18:35:14,637 INFO o.s.b.c.l.s.SimpleJobLauncher [main] No TaskExecutor has been set, defaulting to synchronous executor.
2024-11-10 18:35:14,742 INFO b.c.a.p.PayrollJobApplication [main] Started PayrollJobApplication in 47.15 seconds (process running for 47.703)
2024-11-10 18:35:14,747 INFO o.s.o.j.LocalContainerEntityManagerFactoryBean [SpringApplicationShutdownHook] Closing JPA EntityManagerFactory for persistence unit 'default'
2024-11-10 18:35:14,749 INFO c.z.h.HikariDataSource [SpringApplicationShutdownHook] HikariPool-1 - Shutdown initiated...
2024-11-10 18:35:14,765 INFO c.z.h.HikariDataSource [SpringApplicationShutdownHook] HikariPool-1 - Shutdown completed.
2024-11-10 18:40:12,998 INFO b.c.a.p.PayrollJobApplication [main] Starting PayrollJobApplication using Java 17.0.11 with PID 18617 (/Users/alexandre/Documents/dev/workspace/spring-boot-projects/batch/sb3/payroll-job/build/classes/java/main started by alexandre in /Users/alexandre/Documents/dev/workspace/spring-boot-projects/batch/sb3/payroll-job)
2024-11-10 18:40:13,000 INFO b.c.a.p.PayrollJobApplication [main] No active profile set, falling back to 1 default profile: "default"
2024-11-10 18:40:13,208 INFO o.s.b.c.c.a.BatchRegistrar [main] Finished Spring Batch infrastructure beans configuration in 3 ms.
2024-11-10 18:40:13,289 INFO o.s.d.r.c.RepositoryConfigurationDelegate [main] Bootstrapping Spring Data JPA repositories in DEFAULT mode.
2024-11-10 18:40:13,302 INFO o.s.d.r.c.RepositoryConfigurationDelegate [main] Finished Spring Data repository scanning in 8 ms. Found 0 JPA repository interfaces.
2024-11-10 18:40:13,411 INFO o.s.c.a.ConfigurationClassEnhancer [main] @Bean method PropertiesConfig.propertySourcesPlaceholderConfigurer is non-static and returns an object assignable to Spring's BeanFactoryPostProcessor interface. This will result in a failure to process annotations such as @Autowired, @Resource and @PostConstruct within the method's declaring @Configuration class. Add the 'static' modifier to this method to avoid these container lifecycle issues; see @Bean javadoc for complete details.
2024-11-10 18:40:13,467 WARN o.s.c.s.PostProcessorRegistrationDelegate$BeanPostProcessorChecker [main] Bean 'jobRegistry' of type [org.springframework.batch.core.configuration.support.MapJobRegistry] is not eligible for getting processed by all BeanPostProcessors (for example: not eligible for auto-proxying). Is this bean getting eagerly injected into a currently created BeanPostProcessor [jobRegistryBeanPostProcessor]? Check the corresponding BeanPostProcessor declaration and its dependencies.
2024-11-10 18:40:13,537 INFO c.z.h.HikariDataSource [main] HikariPool-1 - Starting...
2024-11-10 18:40:13,757 INFO c.z.h.p.HikariPool [main] HikariPool-1 - Added connection com.mysql.cj.jdbc.ConnectionImpl@68e02f33
2024-11-10 18:40:13,759 INFO c.z.h.HikariDataSource [main] HikariPool-1 - Start completed.
2024-11-10 18:40:13,787 INFO o.h.j.i.u.LogHelper [main] HHH000204: Processing PersistenceUnitInfo [name: default]
2024-11-10 18:40:13,823 INFO o.h.Version [main] HHH000412: Hibernate ORM core version 6.5.3.Final
2024-11-10 18:40:13,846 INFO o.h.c.i.RegionFactoryInitiator [main] HHH000026: Second-level cache disabled
2024-11-10 18:40:14,070 INFO o.s.o.j.p.SpringPersistenceUnitInfo [main] No LoadTimeWeaver setup: ignoring JPA class transformer
2024-11-10 18:40:14,331 INFO o.h.e.t.j.p.i.JtaPlatformInitiator [main] HHH000489: No JTA platform available (set 'hibernate.transaction.jta.platform' to enable JTA platform integration)
2024-11-10 18:40:14,334 INFO o.s.o.j.LocalContainerEntityManagerFactoryBean [main] Initialized JPA EntityManagerFactory for persistence unit 'default'
2024-11-10 18:40:14,353 INFO o.s.b.c.r.s.JobRepositoryFactoryBean [main] No database type set, using meta data indicating: MYSQL
2024-11-10 18:40:14,408 INFO o.s.b.c.c.a.BatchObservabilityBeanPostProcessor [main] No Micrometer observation registry found, defaulting to ObservationRegistry.NOOP
2024-11-10 18:40:14,409 INFO b.c.a.p.c.JobFlatFilesConfig [main] Creating job for reading employees flat files
2024-11-10 18:40:14,412 INFO o.s.b.c.c.a.BatchObservabilityBeanPostProcessor [main] No Micrometer observation registry found, defaulting to ObservationRegistry.NOOP
2024-11-10 18:40:14,414 INFO o.s.b.c.l.s.SimpleJobLauncher [main] No TaskExecutor has been set, defaulting to synchronous executor.
2024-11-10 18:40:14,523 INFO b.c.a.p.PayrollJobApplication [main] Started PayrollJobApplication in 1.818 seconds (process running for 2.301)
2024-11-10 18:40:14,527 INFO o.s.o.j.LocalContainerEntityManagerFactoryBean [SpringApplicationShutdownHook] Closing JPA EntityManagerFactory for persistence unit 'default'
2024-11-10 18:40:14,529 INFO c.z.h.HikariDataSource [SpringApplicationShutdownHook] HikariPool-1 - Shutdown initiated...
2024-11-10 18:40:14,534 INFO c.z.h.HikariDataSource [SpringApplicationShutdownHook] HikariPool-1 - Shutdown completed.
2024-11-10 18:41:56,923 INFO b.c.a.p.PayrollJobApplication [main] Starting PayrollJobApplication using Java 17.0.11 with PID 18631 (/Users/alexandre/Documents/dev/workspace/spring-boot-projects/batch/sb3/payroll-job/build/classes/java/main started by alexandre in /Users/alexandre/Documents/dev/workspace/spring-boot-projects/batch/sb3/payroll-job)
2024-11-10 18:41:56,925 INFO b.c.a.p.PayrollJobApplication [main] No active profile set, falling back to 1 default profile: "default"
2024-11-10 18:41:57,138 INFO o.s.b.c.c.a.BatchRegistrar [main] Finished Spring Batch infrastructure beans configuration in 4 ms.
2024-11-10 18:41:57,139 WARN o.s.c.a.AnnotationConfigApplicationContext [main] Exception encountered during context initialization - cancelling refresh attempt: org.springframework.beans.factory.support.BeanDefinitionOverrideException: Invalid bean definition with name 'job' defined in class path resource [br/com/aab/payrolljob/config/PayrollJobConfig.class]: Cannot register bean definition [Root bean: class [null]; scope=; abstract=false; lazyInit=null; autowireMode=3; dependencyCheck=0; autowireCandidate=true; primary=false; factoryBeanName=payrollJobConfig; factoryMethodName=job; initMethodNames=null; destroyMethodNames=[(inferred)]; defined in class path resource [br/com/aab/payrolljob/config/PayrollJobConfig.class]] for bean 'job' since there is already [Root bean: class [null]; scope=; abstract=false; lazyInit=null; autowireMode=3; dependencyCheck=0; autowireCandidate=true; primary=false; factoryBeanName=jobFlatFilesConfig; factoryMethodName=job; initMethodNames=null; destroyMethodNames=[(inferred)]; defined in class path resource [br/com/aab/payrolljob/config/JobFlatFilesConfig.class]] bound.
2024-11-10 18:42:51,955 INFO b.c.a.p.PayrollJobApplication [main] Starting PayrollJobApplication using Java 17.0.11 with PID 18641 (/Users/alexandre/Documents/dev/workspace/spring-boot-projects/batch/sb3/payroll-job/build/classes/java/main started by alexandre in /Users/alexandre/Documents/dev/workspace/spring-boot-projects/batch/sb3/payroll-job)
2024-11-10 18:42:51,957 INFO b.c.a.p.PayrollJobApplication [main] No active profile set, falling back to 1 default profile: "default"
2024-11-10 18:42:52,167 INFO o.s.b.c.c.a.BatchRegistrar [main] Finished Spring Batch infrastructure beans configuration in 4 ms.
2024-11-10 18:42:52,167 INFO o.s.b.c.c.a.BatchRegistrar [main] Bean jobRepository already defined in the application context, skipping the registration of a jobRepository
2024-11-10 18:42:52,167 INFO o.s.b.c.c.a.BatchRegistrar [main] Bean jobExplorer already defined in the application context, skipping the registration of a jobExplorer
2024-11-10 18:42:52,167 INFO o.s.b.c.c.a.BatchRegistrar [main] Bean jobLauncher already defined in the application context, skipping the registration of a jobLauncher
2024-11-10 18:42:52,168 INFO o.s.b.c.c.a.BatchRegistrar [main] Bean jobRegistry already defined in the application context, skipping the registration of a jobRegistry
2024-11-10 18:42:52,168 INFO o.s.b.c.c.a.BatchRegistrar [main] Bean jobRegistryBeanPostProcessor already defined in the application context, skipping the registration of a jobRegistryBeanPostProcessor
2024-11-10 18:42:52,168 INFO o.s.b.c.c.a.BatchRegistrar [main] Bean jobOperator already defined in the application context, skipping the registration of a jobOperator
2024-11-10 18:42:52,168 INFO o.s.b.c.c.a.BatchRegistrar [main] Finished Spring Batch infrastructure beans configuration in 0 ms.
2024-11-10 18:42:52,253 INFO o.s.d.r.c.RepositoryConfigurationDelegate [main] Bootstrapping Spring Data JPA repositories in DEFAULT mode.
2024-11-10 18:42:52,265 INFO o.s.d.r.c.RepositoryConfigurationDelegate [main] Finished Spring Data repository scanning in 8 ms. Found 0 JPA repository interfaces.
2024-11-10 18:42:52,378 INFO o.s.c.a.ConfigurationClassEnhancer [main] @Bean method PropertiesConfig.propertySourcesPlaceholderConfigurer is non-static and returns an object assignable to Spring's BeanFactoryPostProcessor interface. This will result in a failure to process annotations such as @Autowired, @Resource and @PostConstruct within the method's declaring @Configuration class. Add the 'static' modifier to this method to avoid these container lifecycle issues; see @Bean javadoc for complete details.
2024-11-10 18:42:52,436 WARN o.s.c.s.PostProcessorRegistrationDelegate$BeanPostProcessorChecker [main] Bean 'jobRegistry' of type [org.springframework.batch.core.configuration.support.MapJobRegistry] is not eligible for getting processed by all BeanPostProcessors (for example: not eligible for auto-proxying). Is this bean getting eagerly injected into a currently created BeanPostProcessor [jobRegistryBeanPostProcessor]? Check the corresponding BeanPostProcessor declaration and its dependencies.
2024-11-10 18:42:52,503 INFO c.z.h.HikariDataSource [main] HikariPool-1 - Starting...
2024-11-10 18:42:52,723 INFO c.z.h.p.HikariPool [main] HikariPool-1 - Added connection com.mysql.cj.jdbc.ConnectionImpl@152c4495
2024-11-10 18:42:52,724 INFO c.z.h.HikariDataSource [main] HikariPool-1 - Start completed.
2024-11-10 18:42:52,752 INFO o.h.j.i.u.LogHelper [main] HHH000204: Processing PersistenceUnitInfo [name: default]
2024-11-10 18:42:52,789 INFO o.h.Version [main] HHH000412: Hibernate ORM core version 6.5.3.Final
2024-11-10 18:42:52,811 INFO o.h.c.i.RegionFactoryInitiator [main] HHH000026: Second-level cache disabled
2024-11-10 18:42:53,035 INFO o.s.o.j.p.SpringPersistenceUnitInfo [main] No LoadTimeWeaver setup: ignoring JPA class transformer
2024-11-10 18:42:53,300 INFO o.h.e.t.j.p.i.JtaPlatformInitiator [main] HHH000489: No JTA platform available (set 'hibernate.transaction.jta.platform' to enable JTA platform integration)
2024-11-10 18:42:53,304 INFO o.s.o.j.LocalContainerEntityManagerFactoryBean [main] Initialized JPA EntityManagerFactory for persistence unit 'default'
2024-11-10 18:42:53,324 INFO o.s.b.c.r.s.JobRepositoryFactoryBean [main] No database type set, using meta data indicating: MYSQL
2024-11-10 18:42:53,382 INFO o.s.b.c.c.a.BatchObservabilityBeanPostProcessor [main] No Micrometer observation registry found, defaulting to ObservationRegistry.NOOP
2024-11-10 18:42:53,382 INFO b.c.a.p.c.JobFlatFilesConfig [main] Creating job for reading employees flat files
2024-11-10 18:42:53,386 INFO o.s.b.c.c.a.BatchObservabilityBeanPostProcessor [main] No Micrometer observation registry found, defaulting to ObservationRegistry.NOOP
2024-11-10 18:42:53,388 INFO o.s.b.c.l.s.SimpleJobLauncher [main] No TaskExecutor has been set, defaulting to synchronous executor.
2024-11-10 18:42:53,397 INFO b.c.a.p.c.PayrollJobConfig [main] Tasklet has started!
2024-11-10 18:42:53,398 INFO o.s.b.c.c.a.BatchObservabilityBeanPostProcessor [main] No Micrometer observation registry found, defaulting to ObservationRegistry.NOOP
2024-11-10 18:42:53,398 INFO b.c.a.p.c.PayrollJobConfig [main] Creating job
2024-11-10 18:42:53,398 INFO o.s.b.c.c.a.BatchObservabilityBeanPostProcessor [main] No Micrometer observation registry found, defaulting to ObservationRegistry.NOOP
2024-11-10 18:42:53,502 INFO b.c.a.p.PayrollJobApplication [main] Started PayrollJobApplication in 1.837 seconds (process running for 2.313)
2024-11-10 18:42:53,507 INFO o.s.o.j.LocalContainerEntityManagerFactoryBean [SpringApplicationShutdownHook] Closing JPA EntityManagerFactory for persistence unit 'default'
2024-11-10 18:42:53,509 INFO c.z.h.HikariDataSource [SpringApplicationShutdownHook] HikariPool-1 - Shutdown initiated...
2024-11-10 18:42:53,515 INFO c.z.h.HikariDataSource [SpringApplicationShutdownHook] HikariPool-1 - Shutdown completed.
2024-11-10 18:47:29,790 INFO b.c.a.p.PayrollJobApplication [main] Starting PayrollJobApplication using Java 17.0.11 with PID 18671 (/Users/alexandre/Documents/dev/workspace/spring-boot-projects/batch/sb3/payroll-job/build/classes/java/main started by alexandre in /Users/alexandre/Documents/dev/workspace/spring-boot-projects/batch/sb3/payroll-job)
2024-11-10 18:47:29,792 INFO b.c.a.p.PayrollJobApplication [main] No active profile set, falling back to 1 default profile: "default"
2024-11-10 18:47:30,002 INFO o.s.b.c.c.a.BatchRegistrar [main] Finished Spring Batch infrastructure beans configuration in 3 ms.
2024-11-10 18:47:30,002 INFO o.s.b.c.c.a.BatchRegistrar [main] Bean jobRepository already defined in the application context, skipping the registration of a jobRepository
2024-11-10 18:47:30,002 INFO o.s.b.c.c.a.BatchRegistrar [main] Bean jobExplorer already defined in the application context, skipping the registration of a jobExplorer
2024-11-10 18:47:30,002 INFO o.s.b.c.c.a.BatchRegistrar [main] Bean jobLauncher already defined in the application context, skipping the registration of a jobLauncher
2024-11-10 18:47:30,002 INFO o.s.b.c.c.a.BatchRegistrar [main] Bean jobRegistry already defined in the application context, skipping the registration of a jobRegistry
2024-11-10 18:47:30,003 INFO o.s.b.c.c.a.BatchRegistrar [main] Bean jobRegistryBeanPostProcessor already defined in the application context, skipping the registration of a jobRegistryBeanPostProcessor
2024-11-10 18:47:30,003 INFO o.s.b.c.c.a.BatchRegistrar [main] Bean jobOperator already defined in the application context, skipping the registration of a jobOperator
2024-11-10 18:47:30,003 INFO o.s.b.c.c.a.BatchRegistrar [main] Finished Spring Batch infrastructure beans configuration in 0 ms.
2024-11-10 18:47:30,083 INFO o.s.d.r.c.RepositoryConfigurationDelegate [main] Bootstrapping Spring Data JPA repositories in DEFAULT mode.
2024-11-10 18:47:30,096 INFO o.s.d.r.c.RepositoryConfigurationDelegate [main] Finished Spring Data repository scanning in 8 ms. Found 0 JPA repository interfaces.
2024-11-10 18:47:30,207 INFO o.s.c.a.ConfigurationClassEnhancer [main] @Bean method PropertiesConfig.propertySourcesPlaceholderConfigurer is non-static and returns an object assignable to Spring's BeanFactoryPostProcessor interface. This will result in a failure to process annotations such as @Autowired, @Resource and @PostConstruct within the method's declaring @Configuration class. Add the 'static' modifier to this method to avoid these container lifecycle issues; see @Bean javadoc for complete details.
2024-11-10 18:47:30,266 WARN o.s.c.s.PostProcessorRegistrationDelegate$BeanPostProcessorChecker [main] Bean 'jobRegistry' of type [org.springframework.batch.core.configuration.support.MapJobRegistry] is not eligible for getting processed by all BeanPostProcessors (for example: not eligible for auto-proxying). Is this bean getting eagerly injected into a currently created BeanPostProcessor [jobRegistryBeanPostProcessor]? Check the corresponding BeanPostProcessor declaration and its dependencies.
2024-11-10 18:47:30,333 INFO c.z.h.HikariDataSource [main] HikariPool-1 - Starting...
2024-11-10 18:47:30,553 INFO c.z.h.p.HikariPool [main] HikariPool-1 - Added connection com.mysql.cj.jdbc.ConnectionImpl@2404b5a
2024-11-10 18:47:30,554 INFO c.z.h.HikariDataSource [main] HikariPool-1 - Start completed.
2024-11-10 18:47:30,582 INFO o.h.j.i.u.LogHelper [main] HHH000204: Processing PersistenceUnitInfo [name: default]
2024-11-10 18:47:30,619 INFO o.h.Version [main] HHH000412: Hibernate ORM core version 6.5.3.Final
2024-11-10 18:47:30,642 INFO o.h.c.i.RegionFactoryInitiator [main] HHH000026: Second-level cache disabled
2024-11-10 18:47:30,861 INFO o.s.o.j.p.SpringPersistenceUnitInfo [main] No LoadTimeWeaver setup: ignoring JPA class transformer
2024-11-10 18:47:31,123 INFO o.h.e.t.j.p.i.JtaPlatformInitiator [main] HHH000489: No JTA platform available (set 'hibernate.transaction.jta.platform' to enable JTA platform integration)
2024-11-10 18:47:31,126 INFO o.s.o.j.LocalContainerEntityManagerFactoryBean [main] Initialized JPA EntityManagerFactory for persistence unit 'default'
2024-11-10 18:47:31,145 INFO o.s.b.c.r.s.JobRepositoryFactoryBean [main] No database type set, using meta data indicating: MYSQL
2024-11-10 18:47:31,195 WARN o.s.c.a.AnnotationConfigApplicationContext [main] Exception encountered during context initialization - cancelling refresh attempt: org.springframework.beans.factory.UnsatisfiedDependencyException: Error creating bean with name 'job' defined in class path resource [br/com/aab/payrolljob/config/JobFlatFilesConfig.class]: Unsatisfied dependency expressed through method 'job' parameter 0: Error creating bean with name 'employeeStep' defined in class path resource [br/com/aab/payrolljob/steps/EmployeeFlatFileStep.class]: Failed to instantiate [org.springframework.batch.core.Step]: Factory method 'employeeStep' threw exception with message: ItemWriter must be provided
2024-11-10 18:47:31,196 INFO o.s.o.j.LocalContainerEntityManagerFactoryBean [main] Closing JPA EntityManagerFactory for persistence unit 'default'
2024-11-10 18:47:31,197 INFO c.z.h.HikariDataSource [main] HikariPool-1 - Shutdown initiated...
2024-11-10 18:47:31,203 INFO c.z.h.HikariDataSource [main] HikariPool-1 - Shutdown completed.
2024-11-10 18:48:19,179 INFO b.c.a.p.PayrollJobApplication [main] Starting PayrollJobApplication using Java 17.0.11 with PID 18686 (/Users/alexandre/Documents/dev/workspace/spring-boot-projects/batch/sb3/payroll-job/build/classes/java/main started by alexandre in /Users/alexandre/Documents/dev/workspace/spring-boot-projects/batch/sb3/payroll-job)
2024-11-10 18:48:19,181 INFO b.c.a.p.PayrollJobApplication [main] No active profile set, falling back to 1 default profile: "default"
2024-11-10 18:48:19,390 INFO o.s.b.c.c.a.BatchRegistrar [main] Finished Spring Batch infrastructure beans configuration in 3 ms.
2024-11-10 18:48:19,390 INFO o.s.b.c.c.a.BatchRegistrar [main] Bean jobRepository already defined in the application context, skipping the registration of a jobRepository
2024-11-10 18:48:19,391 INFO o.s.b.c.c.a.BatchRegistrar [main] Bean jobExplorer already defined in the application context, skipping the registration of a jobExplorer
2024-11-10 18:48:19,391 INFO o.s.b.c.c.a.BatchRegistrar [main] Bean jobLauncher already defined in the application context, skipping the registration of a jobLauncher
2024-11-10 18:48:19,391 INFO o.s.b.c.c.a.BatchRegistrar [main] Bean jobRegistry already defined in the application context, skipping the registration of a jobRegistry
2024-11-10 18:48:19,391 INFO o.s.b.c.c.a.BatchRegistrar [main] Bean jobRegistryBeanPostProcessor already defined in the application context, skipping the registration of a jobRegistryBeanPostProcessor
2024-11-10 18:48:19,391 INFO o.s.b.c.c.a.BatchRegistrar [main] Bean jobOperator already defined in the application context, skipping the registration of a jobOperator
2024-11-10 18:48:19,391 INFO o.s.b.c.c.a.BatchRegistrar [main] Finished Spring Batch infrastructure beans configuration in 0 ms.
2024-11-10 18:48:19,476 INFO o.s.d.r.c.RepositoryConfigurationDelegate [main] Bootstrapping Spring Data JPA repositories in DEFAULT mode.
2024-11-10 18:48:19,490 INFO o.s.d.r.c.RepositoryConfigurationDelegate [main] Finished Spring Data repository scanning in 9 ms. Found 0 JPA repository interfaces.
2024-11-10 18:48:19,601 INFO o.s.c.a.ConfigurationClassEnhancer [main] @Bean method PropertiesConfig.propertySourcesPlaceholderConfigurer is non-static and returns an object assignable to Spring's BeanFactoryPostProcessor interface. This will result in a failure to process annotations such as @Autowired, @Resource and @PostConstruct within the method's declaring @Configuration class. Add the 'static' modifier to this method to avoid these container lifecycle issues; see @Bean javadoc for complete details.
2024-11-10 18:48:19,659 WARN o.s.c.s.PostProcessorRegistrationDelegate$BeanPostProcessorChecker [main] Bean 'jobRegistry' of type [org.springframework.batch.core.configuration.support.MapJobRegistry] is not eligible for getting processed by all BeanPostProcessors (for example: not eligible for auto-proxying). Is this bean getting eagerly injected into a currently created BeanPostProcessor [jobRegistryBeanPostProcessor]? Check the corresponding BeanPostProcessor declaration and its dependencies.
2024-11-10 18:48:19,728 INFO c.z.h.HikariDataSource [main] HikariPool-1 - Starting...
2024-11-10 18:48:19,955 INFO c.z.h.p.HikariPool [main] HikariPool-1 - Added connection com.mysql.cj.jdbc.ConnectionImpl@68dd39d2
2024-11-10 18:48:19,957 INFO c.z.h.HikariDataSource [main] HikariPool-1 - Start completed.
2024-11-10 18:48:19,985 INFO o.h.j.i.u.LogHelper [main] HHH000204: Processing PersistenceUnitInfo [name: default]
2024-11-10 18:48:20,021 INFO o.h.Version [main] HHH000412: Hibernate ORM core version 6.5.3.Final
2024-11-10 18:48:20,045 INFO o.h.c.i.RegionFactoryInitiator [main] HHH000026: Second-level cache disabled
2024-11-10 18:48:20,272 INFO o.s.o.j.p.SpringPersistenceUnitInfo [main] No LoadTimeWeaver setup: ignoring JPA class transformer
2024-11-10 18:48:20,534 INFO o.h.e.t.j.p.i.JtaPlatformInitiator [main] HHH000489: No JTA platform available (set 'hibernate.transaction.jta.platform' to enable JTA platform integration)
2024-11-10 18:48:20,537 INFO o.s.o.j.LocalContainerEntityManagerFactoryBean [main] Initialized JPA EntityManagerFactory for persistence unit 'default'
2024-11-10 18:48:20,556 INFO o.s.b.c.r.s.JobRepositoryFactoryBean [main] No database type set, using meta data indicating: MYSQL
2024-11-10 18:48:20,607 WARN o.s.c.a.AnnotationConfigApplicationContext [main] Exception encountered during context initialization - cancelling refresh attempt: org.springframework.beans.factory.UnsatisfiedDependencyException: Error creating bean with name 'job' defined in class path resource [br/com/aab/payrolljob/config/JobFlatFilesConfig.class]: Unsatisfied dependency expressed through method 'job' parameter 0: Error creating bean with name 'employeeStep' defined in class path resource [br/com/aab/payrolljob/steps/EmployeeFlatFileStep.class]: Failed to instantiate [org.springframework.batch.core.Step]: Factory method 'employeeStep' threw exception with message: ItemWriter must be provided
2024-11-10 18:48:20,608 INFO o.s.o.j.LocalContainerEntityManagerFactoryBean [main] Closing JPA EntityManagerFactory for persistence unit 'default'
2024-11-10 18:48:20,610 INFO c.z.h.HikariDataSource [main] HikariPool-1 - Shutdown initiated...
2024-11-10 18:48:20,615 INFO c.z.h.HikariDataSource [main] HikariPool-1 - Shutdown completed.
